#
# There is insufficient memory for the Java Runtime Environment to continue.
# Native memory allocation (malloc) failed to allocate 1142736 bytes. Error detail: Chunk::new
# Possible reasons:
#   The system is out of physical RAM or swap space
#   This process is running with CompressedOops enabled, and the Java Heap may be blocking the growth of the native heap
# Possible solutions:
#   Reduce memory load on the system
#   Increase physical memory or swap space
#   Check if swap backing store is full
#   Decrease Java heap size (-Xmx/-Xms)
#   Decrease number of Java threads
#   Decrease Java thread stack sizes (-Xss)
#   Set larger code cache with -XX:ReservedCodeCacheSize=
#   JVM is running with Unscaled Compressed Oops mode in which the Java heap is
#     placed in the first 4GB address space. The Java Heap base address is the
#     maximum limit for the native heap growth. Please use -XX:HeapBaseMinAddress
#     to set the Java Heap base and to place the Java Heap above 4GB virtual address.
# This output file may be truncated or incomplete.
#
#  Out of Memory Error (arena.cpp:150), pid=20076, tid=9020
#
# JRE version: OpenJDK Runtime Environment (22.0.2+9) (build 22.0.2+9-70)
# Java VM: OpenJDK 64-Bit Server VM (22.0.2+9-70, mixed mode, sharing, tiered, compressed oops, compressed class ptrs, g1 gc, windows-amd64)
# No core dump will be written. Minidumps are not enabled by default on client versions of Windows
#

---------------  S U M M A R Y ------------

Command Line: -javaagent:C:\Program Files\JetBrains\IntelliJ IDEA Community Edition 2024.1\lib\idea_rt.jar=8345:C:\Program Files\JetBrains\IntelliJ IDEA Community Edition 2024.1\bin -Dfile.encoding=UTF-8 -Dsun.stdout.encoding=UTF-8 -Dsun.stderr.encoding=UTF-8 com.example.demo.DemoApplication

Host: Intel(R) Core(TM) i3-8130U CPU @ 2.20GHz, 4 cores, 3G,  Windows 10 , 64 bit Build 19041 (10.0.19041.4597)
Time: Fri Aug 16 14:16:54 2024 Sri Lanka Standard Time elapsed time: 33.591862 seconds (0d 0h 0m 33s)

---------------  T H R E A D  ---------------

Current thread (0x0000015b6714de90):  JavaThread "C2 CompilerThread0" daemon [_thread_in_native, id=9020, stack(0x000000203dc00000,0x000000203dd00000) (1024K)]


Current CompileTask:
C2:33591 4367       4       java.lang.invoke.MethodType::makeImpl (109 bytes)

Stack: [0x000000203dc00000,0x000000203dd00000]
Native frames: (J=compiled Java code, j=interpreted, Vv=VM code, C=native code)
V  [jvm.dll+0x6e26e9]  (no source info available)
V  [jvm.dll+0x875753]  (no source info available)
V  [jvm.dll+0x877b7e]  (no source info available)
V  [jvm.dll+0x878253]  (no source info available)
V  [jvm.dll+0x27fc86]  (no source info available)
V  [jvm.dll+0xc3d0f]  (no source info available)
V  [jvm.dll+0xc3f6b]  (no source info available)
V  [jvm.dll+0x2f3c7f]  (no source info available)
V  [jvm.dll+0x60c0fa]  (no source info available)
V  [jvm.dll+0x249915]  (no source info available)
V  [jvm.dll+0x246da6]  (no source info available)
V  [jvm.dll+0x1c4e80]  (no source info available)
V  [jvm.dll+0x2568f3]  (no source info available)
V  [jvm.dll+0x254baa]  (no source info available)
V  [jvm.dll+0x3f57a6]  (no source info available)
V  [jvm.dll+0x81dc0b]  (no source info available)
V  [jvm.dll+0x6e0d85]  (no source info available)
C  [ucrtbase.dll+0x21bb2]  (no source info available)
C  [KERNEL32.DLL+0x17374]  (no source info available)
C  [ntdll.dll+0x4cc91]  (no source info available)


---------------  P R O C E S S  ---------------

Threads class SMR info:
_java_thread_list=0x0000015b6ddad180, length=29, elements={
0x0000015b6713cbc0, 0x0000015b6713da90, 0x0000015b6713fcc0, 0x0000015b67142450,
0x0000015b67145660, 0x0000015b67146a60, 0x0000015b6714de90, 0x0000015b67184860,
0x0000015b67148b30, 0x0000015b67149ee0, 0x0000015b671491c0, 0x0000015b6c996d30,
0x0000015b6c99a1b0, 0x0000015b6c9980e0, 0x0000015b6c99bbf0, 0x0000015b6c9973c0,
0x0000015b6c99c910, 0x0000015b6c997a50, 0x0000015b6c99cfa0, 0x0000015b6c99a840,
0x0000015b6c99d630, 0x0000015b6c998770, 0x0000015b6c998e00, 0x0000015b6c99aed0,
0x0000015b6c99b560, 0x0000015b6c99c280, 0x0000015b6c999490, 0x0000015b6c999b20,
0x0000015b671470f0
}

Java Threads: ( => current thread )
  0x0000015b6713cbc0 JavaThread "Reference Handler"          daemon [_thread_blocked, id=10120, stack(0x000000203d600000,0x000000203d700000) (1024K)]
  0x0000015b6713da90 JavaThread "Finalizer"                  daemon [_thread_blocked, id=27988, stack(0x000000203d700000,0x000000203d800000) (1024K)]
  0x0000015b6713fcc0 JavaThread "Signal Dispatcher"          daemon [_thread_blocked, id=10304, stack(0x000000203d800000,0x000000203d900000) (1024K)]
  0x0000015b67142450 JavaThread "Attach Listener"            daemon [_thread_blocked, id=28264, stack(0x000000203d900000,0x000000203da00000) (1024K)]
  0x0000015b67145660 JavaThread "Service Thread"             daemon [_thread_blocked, id=26324, stack(0x000000203da00000,0x000000203db00000) (1024K)]
  0x0000015b67146a60 JavaThread "Monitor Deflation Thread"   daemon [_thread_blocked, id=1516, stack(0x000000203db00000,0x000000203dc00000) (1024K)]
=>0x0000015b6714de90 JavaThread "C2 CompilerThread0"         daemon [_thread_in_native, id=9020, stack(0x000000203dc00000,0x000000203dd00000) (1024K)]
  0x0000015b67184860 JavaThread "C1 CompilerThread0"         daemon [_thread_blocked, id=24336, stack(0x000000203dd00000,0x000000203de00000) (1024K)]
  0x0000015b67148b30 JavaThread "Common-Cleaner"             daemon [_thread_blocked, id=6444, stack(0x000000203de00000,0x000000203df00000) (1024K)]
  0x0000015b67149ee0 JavaThread "Monitor Ctrl-Break"         daemon [_thread_in_native, id=25668, stack(0x000000203df00000,0x000000203e000000) (1024K)]
  0x0000015b671491c0 JavaThread "Notification Thread"        daemon [_thread_blocked, id=27020, stack(0x000000203e000000,0x000000203e100000) (1024K)]
  0x0000015b6c996d30 JavaThread "Catalina-utility-1"                [_thread_blocked, id=16716, stack(0x000000203e600000,0x000000203e700000) (1024K)]
  0x0000015b6c99a1b0 JavaThread "Catalina-utility-2"                [_thread_blocked, id=26124, stack(0x000000203e700000,0x000000203e800000) (1024K)]
  0x0000015b6c9980e0 JavaThread "container-0"                       [_thread_blocked, id=17444, stack(0x000000203e800000,0x000000203e900000) (1024K)]
  0x0000015b6c99bbf0 JavaThread "File Watcher"               daemon [_thread_blocked, id=6700, stack(0x000000203e900000,0x000000203ea00000) (1024K)]
  0x0000015b6c9973c0 JavaThread "Live Reload Server"         daemon [_thread_in_native, id=19192, stack(0x000000203ea00000,0x000000203eb00000) (1024K)]
  0x0000015b6c99c910 JavaThread "http-nio-8080-exec-1"       daemon [_thread_blocked, id=27908, stack(0x000000203eb00000,0x000000203ec00000) (1024K)]
  0x0000015b6c997a50 JavaThread "http-nio-8080-exec-2"       daemon [_thread_blocked, id=3436, stack(0x000000203ec00000,0x000000203ed00000) (1024K)]
  0x0000015b6c99cfa0 JavaThread "http-nio-8080-exec-3"       daemon [_thread_blocked, id=19528, stack(0x000000203ed00000,0x000000203ee00000) (1024K)]
  0x0000015b6c99a840 JavaThread "http-nio-8080-exec-4"       daemon [_thread_blocked, id=16344, stack(0x000000203ee00000,0x000000203ef00000) (1024K)]
  0x0000015b6c99d630 JavaThread "http-nio-8080-exec-5"       daemon [_thread_blocked, id=19664, stack(0x000000203ef00000,0x000000203f000000) (1024K)]
  0x0000015b6c998770 JavaThread "http-nio-8080-exec-6"       daemon [_thread_blocked, id=6016, stack(0x000000203f000000,0x000000203f100000) (1024K)]
  0x0000015b6c998e00 JavaThread "http-nio-8080-exec-7"       daemon [_thread_blocked, id=25596, stack(0x000000203f100000,0x000000203f200000) (1024K)]
  0x0000015b6c99aed0 JavaThread "http-nio-8080-exec-8"       daemon [_thread_blocked, id=12084, stack(0x000000203f200000,0x000000203f300000) (1024K)]
  0x0000015b6c99b560 JavaThread "http-nio-8080-exec-9"       daemon [_thread_blocked, id=22824, stack(0x000000203f300000,0x000000203f400000) (1024K)]
  0x0000015b6c99c280 JavaThread "http-nio-8080-exec-10"      daemon [_thread_blocked, id=4988, stack(0x000000203f400000,0x000000203f500000) (1024K)]
  0x0000015b6c999490 JavaThread "http-nio-8080-Poller"       daemon [_thread_in_native, id=17724, stack(0x000000203f500000,0x000000203f600000) (1024K)]
  0x0000015b6c999b20 JavaThread "http-nio-8080-Acceptor"     daemon [_thread_in_native, id=15464, stack(0x000000203f600000,0x000000203f700000) (1024K)]
  0x0000015b671470f0 JavaThread "DestroyJavaVM"                     [_thread_blocked, id=5484, stack(0x000000203ce00000,0x000000203cf00000) (1024K)]
Total: 29

Other Threads:
  0x0000015b6711ffe0 VMThread "VM Thread"                           [id=28484, stack(0x000000203d500000,0x000000203d600000) (1024K)]
  0x0000015b6711ad50 WatcherThread "VM Periodic Task Thread"        [id=18464, stack(0x000000203d400000,0x000000203d500000) (1024K)]
  0x0000015b0b4a47b0 WorkerThread "GC Thread#0"                     [id=16376, stack(0x000000203cf00000,0x000000203d000000) (1024K)]
  0x0000015b679d76b0 WorkerThread "GC Thread#1"                     [id=6988, stack(0x000000203e100000,0x000000203e200000) (1024K)]
  0x0000015b679d7e60 WorkerThread "GC Thread#2"                     [id=24600, stack(0x000000203e200000,0x000000203e300000) (1024K)]
  0x0000015b67c08740 WorkerThread "GC Thread#3"                     [id=21128, stack(0x000000203e300000,0x000000203e400000) (1024K)]
  0x0000015b0b4ad2a0 ConcurrentGCThread "G1 Main Marker"            [id=17128, stack(0x000000203d000000,0x000000203d100000) (1024K)]
  0x0000015b0b4ade60 WorkerThread "G1 Conc#0"                       [id=20252, stack(0x000000203d100000,0x000000203d200000) (1024K)]
  0x0000015b0b506c40 ConcurrentGCThread "G1 Refine#0"               [id=9708, stack(0x000000203d200000,0x000000203d300000) (1024K)]
  0x0000015b0b5086d0 ConcurrentGCThread "G1 Service"                [id=9520, stack(0x000000203d300000,0x000000203d400000) (1024K)]
Total: 10

Threads with active compile tasks:
C2 CompilerThread0  33842 4367       4       java.lang.invoke.MethodType::makeImpl (109 bytes)
Total: 1

VM state: not at safepoint (normal execution)

VM Mutex/Monitor currently owned by a thread: None

Heap address: 0x00000000c2000000, size: 992 MB, Compressed Oops mode: 32-bit

CDS archive(s) mapped at: [0x0000015b26000000-0x0000015b26c60000-0x0000015b26c60000), size 12976128, SharedBaseAddress: 0x0000015b26000000, ArchiveRelocationMode: 1.
Compressed class space mapped at: 0x0000015b27000000-0x0000015b67000000, reserved size: 1073741824
Narrow klass base: 0x0000015b26000000, Narrow klass shift: 0, Narrow klass range: 0x41000000

GC Precious Log:
 CardTable entry size: 512
 Card Set container configuration: InlinePtr #cards 5 size 8 Array Of Cards #cards 12 size 40 Howl #buckets 4 coarsen threshold 1843 Howl Bitmap #cards 512 size 80 coarsen threshold 460 Card regions per heap region 1 cards per card region 2048
 CPUs: 4 total, 4 available
 Memory: 3960M
 Large Page Support: Disabled
 NUMA Support: Disabled
 Compressed Oops: Enabled (32-bit)
 Heap Region Size: 1M
 Heap Min Capacity: 8M
 Heap Initial Capacity: 62M
 Heap Max Capacity: 992M
 Pre-touch: Disabled
 Parallel Workers: 4
 Concurrent Workers: 1
 Concurrent Refinement Workers: 4
 Periodic GC: Disabled

Heap:
 garbage-first heap   total reserved 1015808K, committed 40960K, used 24249K [0x00000000c2000000, 0x0000000100000000)
  region size 1024K, 10 young (10240K), 2 survivors (2048K)
 Metaspace       used 34149K, committed 34752K, reserved 1114112K
  class space    used 4453K, committed 4736K, reserved 1048576K

Heap Regions: E=young(eden), S=young(survivor), O=old, HS=humongous(starts), HC=humongous(continues), CS=collection set, F=free, TAMS=top-at-mark-start, PB=parsable bottom
|   0|0x00000000c2000000, 0x00000000c2100000, 0x00000000c2100000|100%| O|  |TAMS 0x00000000c2000000| PB 0x00000000c2000000| Untracked |  0
|   1|0x00000000c2100000, 0x00000000c2200000, 0x00000000c2200000|100%| O|  |TAMS 0x00000000c2100000| PB 0x00000000c2100000| Untracked |  0
|   2|0x00000000c2200000, 0x00000000c2300000, 0x00000000c2300000|100%| O|  |TAMS 0x00000000c2200000| PB 0x00000000c2200000| Untracked |  0
|   3|0x00000000c2300000, 0x00000000c2400000, 0x00000000c2400000|100%| O|  |TAMS 0x00000000c2300000| PB 0x00000000c2300000| Untracked |  0
|   4|0x00000000c2400000, 0x00000000c2500000, 0x00000000c2500000|100%| O|  |TAMS 0x00000000c2400000| PB 0x00000000c2400000| Untracked |  0
|   5|0x00000000c2500000, 0x00000000c2600000, 0x00000000c2600000|100%| O|  |TAMS 0x00000000c2500000| PB 0x00000000c2500000| Untracked |  0
|   6|0x00000000c2600000, 0x00000000c2700000, 0x00000000c2700000|100%| O|  |TAMS 0x00000000c2600000| PB 0x00000000c2600000| Untracked |  0
|   7|0x00000000c2700000, 0x00000000c2800000, 0x00000000c2800000|100%| O|  |TAMS 0x00000000c2700000| PB 0x00000000c2700000| Untracked |  0
|   8|0x00000000c2800000, 0x00000000c2900000, 0x00000000c2900000|100%| O|  |TAMS 0x00000000c2800000| PB 0x00000000c2800000| Untracked |  0
|   9|0x00000000c2900000, 0x00000000c2a00000, 0x00000000c2a00000|100%| O|  |TAMS 0x00000000c2900000| PB 0x00000000c2900000| Untracked |  0
|  10|0x00000000c2a00000, 0x00000000c2b00000, 0x00000000c2b00000|100%| O|  |TAMS 0x00000000c2a00000| PB 0x00000000c2a00000| Untracked |  0
|  11|0x00000000c2b00000, 0x00000000c2c00000, 0x00000000c2c00000|100%| O|  |TAMS 0x00000000c2b00000| PB 0x00000000c2b00000| Untracked |  0
|  12|0x00000000c2c00000, 0x00000000c2d00000, 0x00000000c2d00000|100%| O|  |TAMS 0x00000000c2c00000| PB 0x00000000c2c00000| Untracked |  0
|  13|0x00000000c2d00000, 0x00000000c2df71c0, 0x00000000c2e00000| 96%| O|  |TAMS 0x00000000c2d00000| PB 0x00000000c2d00000| Untracked |  0
|  14|0x00000000c2e00000, 0x00000000c2e00000, 0x00000000c2f00000|  0%| F|  |TAMS 0x00000000c2e00000| PB 0x00000000c2e00000| Untracked |  0
|  15|0x00000000c2f00000, 0x00000000c2f00000, 0x00000000c3000000|  0%| F|  |TAMS 0x00000000c2f00000| PB 0x00000000c2f00000| Untracked |  0
|  16|0x00000000c3000000, 0x00000000c3100000, 0x00000000c3100000|100%| O|  |TAMS 0x00000000c3000000| PB 0x00000000c3000000| Untracked |  0
|  17|0x00000000c3100000, 0x00000000c3100000, 0x00000000c3200000|  0%| F|  |TAMS 0x00000000c3100000| PB 0x00000000c3100000| Untracked |  0
|  18|0x00000000c3200000, 0x00000000c32b7260, 0x00000000c3300000| 71%| S|CS|TAMS 0x00000000c3200000| PB 0x00000000c3200000| Complete |  0
|  19|0x00000000c3300000, 0x00000000c3300000, 0x00000000c3400000|  0%| F|  |TAMS 0x00000000c3300000| PB 0x00000000c3300000| Untracked |  0
|  20|0x00000000c3400000, 0x00000000c3400000, 0x00000000c3500000|  0%| F|  |TAMS 0x00000000c3400000| PB 0x00000000c3400000| Untracked |  0
|  21|0x00000000c3500000, 0x00000000c3500000, 0x00000000c3600000|  0%| F|  |TAMS 0x00000000c3500000| PB 0x00000000c3500000| Untracked |  0
|  22|0x00000000c3600000, 0x00000000c3700000, 0x00000000c3700000|100%| S|CS|TAMS 0x00000000c3600000| PB 0x00000000c3600000| Complete |  0
|  23|0x00000000c3700000, 0x00000000c3700000, 0x00000000c3800000|  0%| F|  |TAMS 0x00000000c3700000| PB 0x00000000c3700000| Untracked |  0
|  24|0x00000000c3800000, 0x00000000c3800000, 0x00000000c3900000|  0%| F|  |TAMS 0x00000000c3800000| PB 0x00000000c3800000| Untracked |  0
|  25|0x00000000c3900000, 0x00000000c3900000, 0x00000000c3a00000|  0%| F|  |TAMS 0x00000000c3900000| PB 0x00000000c3900000| Untracked |  0
|  26|0x00000000c3a00000, 0x00000000c3a00000, 0x00000000c3b00000|  0%| F|  |TAMS 0x00000000c3a00000| PB 0x00000000c3a00000| Untracked |  0
|  27|0x00000000c3b00000, 0x00000000c3b00000, 0x00000000c3c00000|  0%| F|  |TAMS 0x00000000c3b00000| PB 0x00000000c3b00000| Untracked |  0
|  28|0x00000000c3c00000, 0x00000000c3c00000, 0x00000000c3d00000|  0%| F|  |TAMS 0x00000000c3c00000| PB 0x00000000c3c00000| Untracked |  0
|  29|0x00000000c3d00000, 0x00000000c3d00000, 0x00000000c3e00000|  0%| F|  |TAMS 0x00000000c3d00000| PB 0x00000000c3d00000| Untracked |  0
|  30|0x00000000c3e00000, 0x00000000c3e00000, 0x00000000c3f00000|  0%| F|  |TAMS 0x00000000c3e00000| PB 0x00000000c3e00000| Untracked |  0
|  31|0x00000000c3f00000, 0x00000000c3f00000, 0x00000000c4000000|  0%| F|  |TAMS 0x00000000c3f00000| PB 0x00000000c3f00000| Untracked |  0
|  32|0x00000000c4000000, 0x00000000c40ec748, 0x00000000c4100000| 92%| E|  |TAMS 0x00000000c4000000| PB 0x00000000c4000000| Complete |  1
|  33|0x00000000c4100000, 0x00000000c4200000, 0x00000000c4200000|100%| E|CS|TAMS 0x00000000c4100000| PB 0x00000000c4100000| Complete |  0
|  34|0x00000000c4200000, 0x00000000c4300000, 0x00000000c4300000|100%| E|CS|TAMS 0x00000000c4200000| PB 0x00000000c4200000| Complete |  0
|  35|0x00000000c4300000, 0x00000000c4400000, 0x00000000c4400000|100%| E|CS|TAMS 0x00000000c4300000| PB 0x00000000c4300000| Complete |  0
|  36|0x00000000c4400000, 0x00000000c4500000, 0x00000000c4500000|100%| E|CS|TAMS 0x00000000c4400000| PB 0x00000000c4400000| Complete |  0
|  37|0x00000000c4500000, 0x00000000c4600000, 0x00000000c4600000|100%| E|CS|TAMS 0x00000000c4500000| PB 0x00000000c4500000| Complete |  0
|  38|0x00000000c4600000, 0x00000000c4700000, 0x00000000c4700000|100%| E|CS|TAMS 0x00000000c4600000| PB 0x00000000c4600000| Complete |  0
|  39|0x00000000c4700000, 0x00000000c4800000, 0x00000000c4800000|100%| E|CS|TAMS 0x00000000c4700000| PB 0x00000000c4700000| Complete |  0

Card table byte_map: [0x0000015b229a0000,0x0000015b22b90000] _byte_map_base: 0x0000015b22390000

Marking Bits: (CMBitMap*) 0x0000015b0b4a4dc0
 Bits: [0x0000015b22b90000, 0x0000015b23b10000)

Polling page: 0x0000015b093a0000

Metaspace:

Usage:
  Non-class:     29.00 MB used.
      Class:      4.35 MB used.
       Both:     33.35 MB used.

Virtual space:
  Non-class space:       64.00 MB reserved,      29.31 MB ( 46%) committed,  1 nodes.
      Class space:        1.00 GB reserved,       4.62 MB ( <1%) committed,  1 nodes.
             Both:        1.06 GB reserved,      33.94 MB (  3%) committed. 

Chunk freelists:
   Non-Class:  2.52 MB
       Class:  11.34 MB
        Both:  13.86 MB

MaxMetaspaceSize: unlimited
CompressedClassSpaceSize: 1.00 GB
Initial GC threshold: 21.00 MB
Current GC threshold: 35.12 MB
CDS: on
 - commit_granule_bytes: 65536.
 - commit_granule_words: 8192.
 - virtual_space_node_default_size: 8388608.
 - enlarge_chunks_in_place: 1.
 - use_allocation_guard: 0.


Internal statistics:

num_allocs_failed_limit: 3.
num_arena_births: 748.
num_arena_deaths: 0.
num_vsnodes_births: 2.
num_vsnodes_deaths: 0.
num_space_committed: 543.
num_space_uncommitted: 0.
num_chunks_returned_to_freelist: 3.
num_chunks_taken_from_freelist: 1973.
num_chunk_merges: 3.
num_chunk_splits: 1326.
num_chunks_enlarged: 932.
num_inconsistent_stats: 0.

CodeHeap 'non-profiled nmethods': size=120000Kb used=2294Kb max_used=2294Kb free=117705Kb
 bounds [0x0000015b1b280000, 0x0000015b1b4f0000, 0x0000015b227b0000]
CodeHeap 'profiled nmethods': size=120000Kb used=8816Kb max_used=8816Kb free=111183Kb
 bounds [0x0000015b137b0000, 0x0000015b14050000, 0x0000015b1ace0000]
CodeHeap 'non-nmethods': size=5760Kb used=1513Kb max_used=1572Kb free=4246Kb
 bounds [0x0000015b1ace0000, 0x0000015b1af50000, 0x0000015b1b280000]
 total_blobs=4954 nmethods=4370 adapters=488
 compilation: enabled
              stopped_count=0, restarted_count=0
 full_count=0

Compilation events (20 events):
Event: 33.450 Thread 0x0000015b67184860 4371       3       org.springframework.core.annotation.AttributeMethods::get (22 bytes)
Event: 33.450 Thread 0x0000015b67184860 nmethod 4371 0x0000015b14048d90 code [0x0000015b14048f40, 0x0000015b14049128]
Event: 33.452 Thread 0x0000015b67184860 4373       3       java.util.regex.Pattern::qtype (39 bytes)
Event: 33.453 Thread 0x0000015b67184860 nmethod 4373 0x0000015b14049210 code [0x0000015b140493e0, 0x0000015b14049650]
Event: 33.455 Thread 0x0000015b67184860 4374       3       org.springframework.util.MimeType::isWildcardSubtype (29 bytes)
Event: 33.455 Thread 0x0000015b67184860 nmethod 4374 0x0000015b14049710 code [0x0000015b140498e0, 0x0000015b14049c00]
Event: 33.464 Thread 0x0000015b67184860 4375       1       org.springframework.util.LinkedCaseInsensitiveMap::getLocale (5 bytes)
Event: 33.465 Thread 0x0000015b67184860 nmethod 4375 0x0000015b1b4bca90 code [0x0000015b1b4bcc20, 0x0000015b1b4bcce8]
Event: 33.465 Thread 0x0000015b67184860 4376       3       org.springframework.http.MediaType::isLessSpecific (12 bytes)
Event: 33.465 Thread 0x0000015b67184860 nmethod 4376 0x0000015b14049d10 code [0x0000015b14049ee0, 0x0000015b1404a228]
Event: 33.465 Thread 0x0000015b67184860 4377       3       org.springframework.http.MediaType::isMoreSpecific (53 bytes)
Event: 33.466 Thread 0x0000015b67184860 nmethod 4377 0x0000015b1404a390 code [0x0000015b1404a6e0, 0x0000015b1404bc10]
Event: 33.467 Thread 0x0000015b67184860 4378       1       org.springframework.util.ConcurrentLruCache$Node::getPrevious (5 bytes)
Event: 33.467 Thread 0x0000015b67184860 nmethod 4378 0x0000015b1b4bcd90 code [0x0000015b1b4bcf20, 0x0000015b1b4bcfe8]
Event: 33.469 Thread 0x0000015b67184860 4379       1       org.apache.coyote.Response::isCommitted (5 bytes)
Event: 33.469 Thread 0x0000015b67184860 nmethod 4379 0x0000015b1b4bd090 code [0x0000015b1b4bd220, 0x0000015b1b4bd2f0]
Event: 33.469 Thread 0x0000015b67184860 4381       1       org.apache.tomcat.util.buf.MessageBytes::getType (5 bytes)
Event: 33.469 Thread 0x0000015b67184860 nmethod 4381 0x0000015b1b4bd390 code [0x0000015b1b4bd520, 0x0000015b1b4bd5e8]
Event: 33.470 Thread 0x0000015b67184860 4382       1       java.nio.charset.CharsetDecoder::charset (5 bytes)
Event: 33.470 Thread 0x0000015b67184860 nmethod 4382 0x0000015b1b4bd690 code [0x0000015b1b4bd820, 0x0000015b1b4bd8e8]

GC Heap History (14 events):
Event: 1.561 GC heap before
{Heap before GC invocations=0 (full 0):
 garbage-first heap   total reserved 1015808K, committed 63488K, used 13312K [0x00000000c2000000, 0x0000000100000000)
  region size 1024K, 14 young (14336K), 0 survivors (0K)
 Metaspace       used 4503K, committed 4672K, reserved 1114112K
  class space    used 505K, committed 576K, reserved 1048576K
}
Event: 1.572 GC heap after
{Heap after GC invocations=1 (full 0):
 garbage-first heap   total reserved 1015808K, committed 63488K, used 4224K [0x00000000c2000000, 0x0000000100000000)
  region size 1024K, 2 young (2048K), 2 survivors (2048K)
 Metaspace       used 4503K, committed 4672K, reserved 1114112K
  class space    used 505K, committed 576K, reserved 1048576K
}
Event: 3.394 GC heap before
{Heap before GC invocations=1 (full 0):
 garbage-first heap   total reserved 1015808K, committed 63488K, used 20608K [0x00000000c2000000, 0x0000000100000000)
  region size 1024K, 19 young (19456K), 2 survivors (2048K)
 Metaspace       used 9336K, committed 9600K, reserved 1114112K
  class space    used 1153K, committed 1280K, reserved 1048576K
}
Event: 3.400 GC heap after
{Heap after GC invocations=2 (full 0):
 garbage-first heap   total reserved 1015808K, committed 63488K, used 5779K [0x00000000c2000000, 0x0000000100000000)
  region size 1024K, 2 young (2048K), 2 survivors (2048K)
 Metaspace       used 9336K, committed 9600K, reserved 1114112K
  class space    used 1153K, committed 1280K, reserved 1048576K
}
Event: 4.837 GC heap before
{Heap before GC invocations=2 (full 0):
 garbage-first heap   total reserved 1015808K, committed 63488K, used 40595K [0x00000000c2000000, 0x0000000100000000)
  region size 1024K, 37 young (37888K), 2 survivors (2048K)
 Metaspace       used 18591K, committed 18944K, reserved 1114112K
  class space    used 2320K, committed 2496K, reserved 1048576K
}
Event: 4.845 GC heap after
{Heap after GC invocations=3 (full 0):
 garbage-first heap   total reserved 1015808K, committed 63488K, used 9212K [0x00000000c2000000, 0x0000000100000000)
  region size 1024K, 5 young (5120K), 5 survivors (5120K)
 Metaspace       used 18591K, committed 18944K, reserved 1114112K
  class space    used 2320K, committed 2496K, reserved 1048576K
}
Event: 6.059 GC heap before
{Heap before GC invocations=3 (full 0):
 garbage-first heap   total reserved 1015808K, committed 63488K, used 32764K [0x00000000c2000000, 0x0000000100000000)
  region size 1024K, 30 young (30720K), 5 survivors (5120K)
 Metaspace       used 21165K, committed 21504K, reserved 1114112K
  class space    used 2623K, committed 2752K, reserved 1048576K
}
Event: 6.069 GC heap after
{Heap after GC invocations=4 (full 0):
 garbage-first heap   total reserved 1015808K, committed 63488K, used 11102K [0x00000000c2000000, 0x0000000100000000)
  region size 1024K, 3 young (3072K), 3 survivors (3072K)
 Metaspace       used 21165K, committed 21504K, reserved 1114112K
  class space    used 2623K, committed 2752K, reserved 1048576K
}
Event: 7.800 GC heap before
{Heap before GC invocations=5 (full 0):
 garbage-first heap   total reserved 1015808K, committed 40960K, used 31582K [0x00000000c2000000, 0x0000000100000000)
  region size 1024K, 24 young (24576K), 3 survivors (3072K)
 Metaspace       used 25761K, committed 26176K, reserved 1114112K
  class space    used 3278K, committed 3456K, reserved 1048576K
}
Event: 7.809 GC heap after
{Heap after GC invocations=6 (full 0):
 garbage-first heap   total reserved 1015808K, committed 40960K, used 13252K [0x00000000c2000000, 0x0000000100000000)
  region size 1024K, 3 young (3072K), 3 survivors (3072K)
 Metaspace       used 25761K, committed 26176K, reserved 1114112K
  class space    used 3278K, committed 3456K, reserved 1048576K
}
Event: 9.005 GC heap before
{Heap before GC invocations=6 (full 0):
 garbage-first heap   total reserved 1015808K, committed 40960K, used 31684K [0x00000000c2000000, 0x0000000100000000)
  region size 1024K, 21 young (21504K), 3 survivors (3072K)
 Metaspace       used 29068K, committed 29568K, reserved 1114112K
  class space    used 3704K, committed 3904K, reserved 1048576K
}
Event: 9.015 GC heap after
{Heap after GC invocations=7 (full 0):
 garbage-first heap   total reserved 1015808K, committed 40960K, used 15505K [0x00000000c2000000, 0x0000000100000000)
  region size 1024K, 3 young (3072K), 3 survivors (3072K)
 Metaspace       used 29068K, committed 29568K, reserved 1114112K
  class space    used 3704K, committed 3904K, reserved 1048576K
}
Event: 23.490 GC heap before
{Heap before GC invocations=7 (full 0):
 garbage-first heap   total reserved 1015808K, committed 40960K, used 31889K [0x00000000c2000000, 0x0000000100000000)
  region size 1024K, 20 young (20480K), 3 survivors (3072K)
 Metaspace       used 32556K, committed 33088K, reserved 1114112K
  class space    used 4233K, committed 4480K, reserved 1048576K
}
Event: 23.496 GC heap after
{Heap after GC invocations=8 (full 0):
 garbage-first heap   total reserved 1015808K, committed 40960K, used 17081K [0x00000000c2000000, 0x0000000100000000)
  region size 1024K, 2 young (2048K), 2 survivors (2048K)
 Metaspace       used 32556K, committed 33088K, reserved 1114112K
  class space    used 4233K, committed 4480K, reserved 1048576K
}

Dll operation events (14 events):
Event: 0.024 Loaded shared library C:\Users\Ravindu Haputhanthri\.jdks\openjdk-22.0.2\bin\java.dll
Event: 0.072 Loaded shared library C:\Users\Ravindu Haputhanthri\.jdks\openjdk-22.0.2\bin\jsvml.dll
Event: 0.175 Loaded shared library C:\Users\Ravindu Haputhanthri\.jdks\openjdk-22.0.2\bin\zip.dll
Event: 0.183 Loaded shared library C:\Users\Ravindu Haputhanthri\.jdks\openjdk-22.0.2\bin\instrument.dll
Event: 0.189 Loaded shared library C:\Users\Ravindu Haputhanthri\.jdks\openjdk-22.0.2\bin\net.dll
Event: 0.193 Loaded shared library C:\Users\Ravindu Haputhanthri\.jdks\openjdk-22.0.2\bin\nio.dll
Event: 0.197 Loaded shared library C:\Users\Ravindu Haputhanthri\.jdks\openjdk-22.0.2\bin\zip.dll
Event: 0.371 Loaded shared library C:\Program Files\JetBrains\IntelliJ IDEA Community Edition 2024.1\bin\breakgen64.dll
Event: 0.400 Loaded shared library C:\Users\Ravindu Haputhanthri\.jdks\openjdk-22.0.2\bin\extnet.dll
Event: 0.480 Loaded shared library C:\Users\Ravindu Haputhanthri\.jdks\openjdk-22.0.2\bin\jimage.dll
Event: 1.598 Loaded shared library C:\Users\Ravindu Haputhanthri\.jdks\openjdk-22.0.2\bin\management.dll
Event: 1.602 Loaded shared library C:\Users\Ravindu Haputhanthri\.jdks\openjdk-22.0.2\bin\management_ext.dll
Event: 3.645 Loaded shared library C:\Users\Ravindu Haputhanthri\.jdks\openjdk-22.0.2\bin\le.dll
Event: 4.582 Loaded shared library C:\Users\Ravindu Haputhanthri\.jdks\openjdk-22.0.2\bin\sunmscapi.dll

Deoptimization events (20 events):
Event: 33.328 Thread 0x0000015b6c998770 DEOPT PACKING pc=0x0000015b1403f666 sp=0x000000203f0fc970
Event: 33.328 Thread 0x0000015b6c998770 DEOPT UNPACKING pc=0x0000015b1ad34e42 sp=0x000000203f0fbe50 mode 0
Event: 33.329 Thread 0x0000015b6c998770 DEOPT PACKING pc=0x0000015b1403f666 sp=0x000000203f0fc970
Event: 33.329 Thread 0x0000015b6c998770 DEOPT UNPACKING pc=0x0000015b1ad34e42 sp=0x000000203f0fbe50 mode 0
Event: 33.329 Thread 0x0000015b6c998770 DEOPT PACKING pc=0x0000015b1403f666 sp=0x000000203f0fc970
Event: 33.329 Thread 0x0000015b6c998770 DEOPT UNPACKING pc=0x0000015b1ad34e42 sp=0x000000203f0fbe50 mode 0
Event: 33.330 Thread 0x0000015b6c998770 DEOPT PACKING pc=0x0000015b1403f666 sp=0x000000203f0fc970
Event: 33.330 Thread 0x0000015b6c998770 DEOPT UNPACKING pc=0x0000015b1ad34e42 sp=0x000000203f0fbe50 mode 0
Event: 33.331 Thread 0x0000015b6c998770 DEOPT PACKING pc=0x0000015b1403f666 sp=0x000000203f0fc970
Event: 33.331 Thread 0x0000015b6c998770 DEOPT UNPACKING pc=0x0000015b1ad34e42 sp=0x000000203f0fbe50 mode 0
Event: 33.332 Thread 0x0000015b6c998770 DEOPT PACKING pc=0x0000015b1403f666 sp=0x000000203f0fc970
Event: 33.332 Thread 0x0000015b6c998770 DEOPT UNPACKING pc=0x0000015b1ad34e42 sp=0x000000203f0fbe50 mode 0
Event: 33.332 Thread 0x0000015b6c998770 DEOPT PACKING pc=0x0000015b1403f666 sp=0x000000203f0fc970
Event: 33.332 Thread 0x0000015b6c998770 DEOPT UNPACKING pc=0x0000015b1ad34e42 sp=0x000000203f0fbe50 mode 0
Event: 33.333 Thread 0x0000015b6c998770 DEOPT PACKING pc=0x0000015b1403f666 sp=0x000000203f0fc970
Event: 33.333 Thread 0x0000015b6c998770 DEOPT UNPACKING pc=0x0000015b1ad34e42 sp=0x000000203f0fbe50 mode 0
Event: 33.333 Thread 0x0000015b6c998770 DEOPT PACKING pc=0x0000015b1403f666 sp=0x000000203f0fc970
Event: 33.333 Thread 0x0000015b6c998770 DEOPT UNPACKING pc=0x0000015b1ad34e42 sp=0x000000203f0fbe50 mode 0
Event: 33.334 Thread 0x0000015b6c998770 DEOPT PACKING pc=0x0000015b1403f666 sp=0x000000203f0fc970
Event: 33.334 Thread 0x0000015b6c998770 DEOPT UNPACKING pc=0x0000015b1ad34e42 sp=0x000000203f0fbe50 mode 0

Classes loaded (20 events):
Event: 23.633 Loading class sun/security/provider/SecureRandom
Event: 23.633 Loading class sun/security/provider/SecureRandom done
Event: 23.634 Loading class sun/security/provider/SecureRandom$SeederHolder
Event: 23.634 Loading class sun/security/provider/SecureRandom$SeederHolder done
Event: 23.663 Loading class java/util/ArrayList$SubList$2
Event: 23.663 Loading class java/util/ArrayList$SubList$2 done
Event: 33.221 Loading class java/util/Base64$Decoder
Event: 33.222 Loading class java/util/Base64$Decoder done
Event: 33.453 Loading class java/time/format/DateTimeFormatterBuilder$ZoneTextPrinterParser
Event: 33.454 Loading class java/time/format/DateTimeFormatterBuilder$ZoneTextPrinterParser done
Event: 33.454 Loading class java/time/format/DateTimeFormatterBuilder$ReducedPrinterParser
Event: 33.454 Loading class java/time/format/DateTimeFormatterBuilder$ReducedPrinterParser done
Event: 33.459 Loading class java/util/OptionalLong
Event: 33.460 Loading class java/util/OptionalLong done
Event: 33.460 Loading class java/util/OptionalDouble
Event: 33.460 Loading class java/util/OptionalDouble done
Event: 33.461 Loading class java/util/stream/LongStream
Event: 33.462 Loading class java/util/stream/LongStream done
Event: 33.462 Loading class java/util/stream/DoubleStream
Event: 33.463 Loading class java/util/stream/DoubleStream done

Classes unloaded (0 events):
No events

Classes redefined (0 events):
No events

Internal exceptions (20 events):
Event: 7.620 Thread 0x0000015b67147e10 Exception <a 'java/lang/NoSuchMethodError'{0x00000000c338dbe0}: 'java.lang.Object java.lang.invoke.DirectMethodHandle$Holder.invokeStaticInit(java.lang.Object, int, int, int, int)'> (0x00000000c338dbe0) 
thrown [s\open\src\hotspot\share\interpreter\linkResolver.cpp, line 774]
Event: 7.662 Thread 0x0000015b67147e10 Exception <a 'java/lang/NoSuchMethodError'{0x00000000c321cfd8}: 'java.lang.Object java.lang.invoke.DirectMethodHandle$Holder.invokeStaticInit(java.lang.Object, java.lang.Object, int, int, int, int)'> (0x00000000c321cfd8) 
thrown [s\open\src\hotspot\share\interpreter\linkResolver.cpp, line 774]
Event: 7.885 Thread 0x0000015b67147e10 Exception <a 'java/lang/NoSuchMethodError'{0x00000000c454c238}: 'int java.lang.invoke.DirectMethodHandle$Holder.invokeVirtual(java.lang.Object, java.lang.Object, java.lang.Object, java.lang.Object)'> (0x00000000c454c238) 
thrown [s\open\src\hotspot\share\interpreter\linkResolver.cpp, line 774]
Event: 7.885 Thread 0x0000015b67147e10 Exception <a 'java/lang/NoSuchMethodError'{0x00000000c454fab8}: 'int java.lang.invoke.DelegatingMethodHandle$Holder.reinvoke_L(java.lang.Object, java.lang.Object, java.lang.Object, java.lang.Object)'> (0x00000000c454fab8) 
thrown [s\open\src\hotspot\share\interpreter\linkResolver.cpp, line 774]
Event: 7.980 Thread 0x0000015b67147e10 Exception <a 'java/io/FileNotFoundException'{0x00000000c435ce00}> (0x00000000c435ce00) 
thrown [s\open\src\hotspot\share\prims\jni.cpp, line 520]
Event: 8.009 Thread 0x0000015b67147e10 Exception <a 'java/lang/NoSuchMethodError'{0x00000000c422ad30}: 'int java.lang.invoke.DirectMethodHandle$Holder.invokeInterface(java.lang.Object, java.lang.Object, java.lang.Object, java.lang.Object)'> (0x00000000c422ad30) 
thrown [s\open\src\hotspot\share\interpreter\linkResolver.cpp, line 774]
Event: 8.087 Thread 0x0000015b67147e10 Exception <a 'java/lang/NoSuchMethodError'{0x00000000c4005ae8}: 'long java.lang.invoke.DirectMethodHandle$Holder.invokeVirtual(java.lang.Object, java.lang.Object)'> (0x00000000c4005ae8) 
thrown [s\open\src\hotspot\share\interpreter\linkResolver.cpp, line 774]
Event: 8.492 Thread 0x0000015b67147e10 Exception <a 'java/lang/NoSuchMethodError'{0x00000000c403faa8}: 'long java.lang.invoke.Invokers$Holder.invokeExact_MT(java.lang.Object, java.lang.Object)'> (0x00000000c403faa8) 
thrown [s\open\src\hotspot\share\interpreter\linkResolver.cpp, line 774]
Event: 8.511 Thread 0x0000015b67147e10 Exception <a 'java/lang/NoSuchMethodError'{0x00000000c4099c30}: static Lorg/springframework/security/authentication/AbstractAuthenticationToken;.<clinit>()V> (0x00000000c4099c30) 
thrown [s\open\src\hotspot\share\prims\jni.cpp, line 1111]
Event: 8.568 Thread 0x0000015b67147e10 Exception <a 'java/lang/NoSuchMethodError'{0x00000000c3fdb3c0}: 'void java.lang.invoke.Invokers$Holder.invokeExact_MT(java.lang.Object, java.lang.Object, java.lang.Object, java.lang.Object)'> (0x00000000c3fdb3c0) 
thrown [s\open\src\hotspot\share\interpreter\linkResolver.cpp, line 774]
Event: 8.648 Thread 0x0000015b67147e10 Exception <a 'java/lang/NoSuchMethodError'{0x00000000c3c2cc60}: 'java.lang.Object java.lang.invoke.DirectMethodHandle$Holder.newInvokeSpecial(java.lang.Object, java.lang.Object, java.lang.Object, java.lang.Object, java.lang.Object, java.lang.Object)'> (0x00000000c3c2cc60) 
thrown [s\open\src\hotspot\share\interpreter\linkResolver.cpp, line 774]
Event: 8.664 Thread 0x0000015b67147e10 Exception <a 'java/lang/NoSuchMethodError'{0x00000000c3c89608}: 'java.lang.Object java.lang.invoke.DirectMethodHandle$Holder.newInvokeSpecial(java.lang.Object, java.lang.Object, java.lang.Object, java.lang.Object, java.lang.Object, java.lang.Object, java.lang.Object, java.lang.Object)'> (0x00000000c3c89608) 
thrown [s\open\src\hotspot\share\interpreter\linkResolver.cpp, line 774]
Event: 9.026 Thread 0x0000015b67147e10 Exception <a 'java/lang/IncompatibleClassChangeError'{0x00000000c4751f30}: Found class java.lang.Object, but interface was expected> (0x00000000c4751f30) 
thrown [s\open\src\hotspot\share\interpreter\linkResolver.cpp, line 841]
Event: 9.084 Thread 0x0000015b67147e10 Exception <a 'java/lang/NoSuchMethodError'{0x00000000c4697a20}: 'void java.lang.invoke.DirectMethodHandle$Holder.invokeVirtual(java.lang.Object, java.lang.Object, long)'> (0x00000000c4697a20) 
thrown [s\open\src\hotspot\share\interpreter\linkResolver.cpp, line 774]
Event: 9.226 Thread 0x0000015b67147e10 Exception <a 'java/lang/NoSuchMethodError'{0x00000000c4355998}: 'int java.lang.invoke.DirectMethodHandle$Holder.invokeStaticInit(java.lang.Object, java.lang.Object, java.lang.Object, java.lang.Object)'> (0x00000000c4355998) 
thrown [s\open\src\hotspot\share\interpreter\linkResolver.cpp, line 774]
Event: 9.389 Thread 0x0000015b67147e10 Exception <a 'sun/nio/fs/WindowsException'{0x00000000c418c4d8}> (0x00000000c418c4d8) 
thrown [s\open\src\hotspot\share\prims\jni.cpp, line 520]
Event: 10.002 Thread 0x0000015b67147e10 Exception <a 'java/lang/NoSuchMethodError'{0x00000000c3af6408}: 'java.lang.Object java.lang.invoke.DirectMethodHandle$Holder.newInvokeSpecial(java.lang.Object, java.lang.Object, int, java.lang.Object, java.lang.Object)'> (0x00000000c3af6408) 
thrown [s\open\src\hotspot\share\interpreter\linkResolver.cpp, line 774]
Event: 23.513 Thread 0x0000015b6c997a50 Exception <a 'java/lang/NoSuchMethodError'{0x00000000c47a0ff8}: 'java.lang.Object java.lang.invoke.DirectMethodHandle$Holder.invokeSpecial(java.lang.Object, java.lang.Object, java.lang.Object, java.lang.Object, java.lang.Object, long)'> (0x00000000c47a0ff8) 
thrown [s\open\src\hotspot\share\interpreter\linkResolver.cpp, line 774]
Event: 23.513 Thread 0x0000015b6c997a50 Exception <a 'java/lang/NoSuchMethodError'{0x00000000c47a47b8}: 'java.lang.Object java.lang.invoke.Invokers$Holder.linkToTargetMethod(java.lang.Object, java.lang.Object, java.lang.Object, long, java.lang.Object)'> (0x00000000c47a47b8) 
thrown [s\open\src\hotspot\share\interpreter\linkResolver.cpp, line 774]
Event: 23.662 Thread 0x0000015b6c99cfa0 Exception <a 'java/lang/NoSuchMethodError'{0x00000000c43399c0}: 'java.lang.Object java.lang.invoke.DirectMethodHandle$Holder.invokeStatic(java.lang.Object, int, int)'> (0x00000000c43399c0) 
thrown [s\open\src\hotspot\share\interpreter\linkResolver.cpp, line 774]

ZGC Phase Switch (0 events):
No events

VM Operations (20 events):
Event: 9.379 Executing VM operation: HandshakeAllThreads (Deoptimize)
Event: 9.379 Executing VM operation: HandshakeAllThreads (Deoptimize) done
Event: 9.416 Executing VM operation: HandshakeAllThreads (Deoptimize)
Event: 9.416 Executing VM operation: HandshakeAllThreads (Deoptimize) done
Event: 10.416 Executing VM operation: Cleanup
Event: 10.416 Executing VM operation: Cleanup done
Event: 23.490 Executing VM operation: G1CollectForAllocation (G1 Evacuation Pause)
Event: 23.496 Executing VM operation: G1CollectForAllocation (G1 Evacuation Pause) done
Event: 23.533 Executing VM operation: HandshakeAllThreads (Deoptimize)
Event: 23.533 Executing VM operation: HandshakeAllThreads (Deoptimize) done
Event: 24.533 Executing VM operation: Cleanup
Event: 24.533 Executing VM operation: Cleanup done
Event: 28.580 Executing VM operation: Cleanup
Event: 28.580 Executing VM operation: Cleanup done
Event: 29.586 Executing VM operation: Cleanup
Event: 29.587 Executing VM operation: Cleanup done
Event: 32.612 Executing VM operation: Cleanup
Event: 32.612 Executing VM operation: Cleanup done
Event: 33.448 Executing VM operation: HandshakeAllThreads (Deoptimize)
Event: 33.448 Executing VM operation: HandshakeAllThreads (Deoptimize) done

Memory protections (0 events):
No events

Nmethod flushes (0 events):
No events

Events (20 events):
Event: 9.926 Thread 0x0000015b67147e10 Thread added: 0x0000015b6c99bbf0
Event: 9.942 Thread 0x0000015b67147e10 Thread added: 0x0000015b6c99c910
Event: 9.955 Thread 0x0000015b6c99c910 Thread exited: 0x0000015b6c99c910
Event: 9.956 Thread 0x0000015b67147e10 Thread added: 0x0000015b6c9973c0
Event: 10.036 Thread 0x0000015b67147e10 Thread added: 0x0000015b6c99c910
Event: 10.036 Thread 0x0000015b67147e10 Thread added: 0x0000015b6c997a50
Event: 10.036 Thread 0x0000015b67147e10 Thread added: 0x0000015b6c99cfa0
Event: 10.036 Thread 0x0000015b67147e10 Thread added: 0x0000015b6c99a840
Event: 10.036 Thread 0x0000015b67147e10 Thread added: 0x0000015b6c99d630
Event: 10.036 Thread 0x0000015b67147e10 Thread added: 0x0000015b6c998770
Event: 10.036 Thread 0x0000015b67147e10 Thread added: 0x0000015b6c998e00
Event: 10.036 Thread 0x0000015b67147e10 Thread added: 0x0000015b6c99aed0
Event: 10.036 Thread 0x0000015b67147e10 Thread added: 0x0000015b6c99b560
Event: 10.036 Thread 0x0000015b67147e10 Thread added: 0x0000015b6c99c280
Event: 10.076 Thread 0x0000015b67147e10 Thread added: 0x0000015b6c999490
Event: 10.079 Thread 0x0000015b67147e10 Thread added: 0x0000015b6c999b20
Event: 10.113 Thread 0x0000015b67147e10 Thread exited: 0x0000015b67147e10
Event: 10.118 Thread 0x0000015b671470f0 Thread exited: 0x0000015b671470f0
Event: 10.119 Thread 0x0000015b0b46a7a0 Thread exited: 0x0000015b0b46a7a0
Event: 10.119 Thread 0x0000015b671470f0 Thread added: 0x0000015b671470f0


Dynamic libraries:
0x00007ff6f1570000 - 0x00007ff6f157e000 	C:\Users\Ravindu Haputhanthri\.jdks\openjdk-22.0.2\bin\java.exe
0x00007ffa8c790000 - 0x00007ffa8c988000 	C:\Windows\SYSTEM32\ntdll.dll
0x00007ffa8c5c0000 - 0x00007ffa8c681000 	C:\Windows\System32\KERNEL32.DLL
0x00007ffa89ed0000 - 0x00007ffa8a1c6000 	C:\Windows\System32\KERNELBASE.dll
0x00007ffa8a250000 - 0x00007ffa8a350000 	C:\Windows\System32\ucrtbase.dll
0x00007ffa84be0000 - 0x00007ffa84bfb000 	C:\Users\Ravindu Haputhanthri\.jdks\openjdk-22.0.2\bin\VCRUNTIME140.dll
0x00007ffa7fab0000 - 0x00007ffa7fac7000 	C:\Users\Ravindu Haputhanthri\.jdks\openjdk-22.0.2\bin\jli.dll
0x00007ffa8bcd0000 - 0x00007ffa8be6f000 	C:\Windows\System32\USER32.dll
0x00007ffa76de0000 - 0x00007ffa7707a000 	C:\Windows\WinSxS\amd64_microsoft.windows.common-controls_6595b64144ccf1df_6.0.19041.4355_none_60b8b9eb71f62e16\COMCTL32.dll
0x00007ffa8a1d0000 - 0x00007ffa8a1f2000 	C:\Windows\System32\win32u.dll
0x00007ffa8c300000 - 0x00007ffa8c39e000 	C:\Windows\System32\msvcrt.dll
0x00007ffa8c3a0000 - 0x00007ffa8c3cb000 	C:\Windows\System32\GDI32.dll
0x00007ffa8a630000 - 0x00007ffa8a747000 	C:\Windows\System32\gdi32full.dll
0x00007ffa8a4e0000 - 0x00007ffa8a57d000 	C:\Windows\System32\msvcp_win.dll
0x00007ffa8bc90000 - 0x00007ffa8bcbf000 	C:\Windows\System32\IMM32.DLL
0x00007ffa857f0000 - 0x00007ffa857fc000 	C:\Users\Ravindu Haputhanthri\.jdks\openjdk-22.0.2\bin\vcruntime140_1.dll
0x00007ffa4de30000 - 0x00007ffa4debe000 	C:\Users\Ravindu Haputhanthri\.jdks\openjdk-22.0.2\bin\msvcp140.dll
0x00007ffa10450000 - 0x00007ffa11199000 	C:\Users\Ravindu Haputhanthri\.jdks\openjdk-22.0.2\bin\server\jvm.dll
0x00007ffa8c510000 - 0x00007ffa8c5c0000 	C:\Windows\System32\ADVAPI32.dll
0x00007ffa8bbf0000 - 0x00007ffa8bc90000 	C:\Windows\System32\sechost.dll
0x00007ffa8bac0000 - 0x00007ffa8bbe3000 	C:\Windows\System32\RPCRT4.dll
0x00007ffa8a350000 - 0x00007ffa8a377000 	C:\Windows\System32\bcrypt.dll
0x00007ffa8c3d0000 - 0x00007ffa8c43b000 	C:\Windows\System32\WS2_32.dll
0x00007ffa89be0000 - 0x00007ffa89c2b000 	C:\Windows\SYSTEM32\POWRPROF.dll
0x00007ffa76b90000 - 0x00007ffa76bb7000 	C:\Windows\SYSTEM32\WINMM.dll
0x00007ffa83360000 - 0x00007ffa8336a000 	C:\Windows\SYSTEM32\VERSION.dll
0x00007ffa89bc0000 - 0x00007ffa89bd2000 	C:\Windows\SYSTEM32\UMPDC.dll
0x00007ffa87ea0000 - 0x00007ffa87eb2000 	C:\Windows\SYSTEM32\kernel.appcore.dll
0x00007ffa857b0000 - 0x00007ffa857ba000 	C:\Users\Ravindu Haputhanthri\.jdks\openjdk-22.0.2\bin\jimage.dll
0x00007ffa87a50000 - 0x00007ffa87c34000 	C:\Windows\SYSTEM32\DBGHELP.DLL
0x00007ffa72110000 - 0x00007ffa72144000 	C:\Windows\SYSTEM32\dbgcore.DLL
0x00007ffa89e40000 - 0x00007ffa89ec2000 	C:\Windows\System32\bcryptPrimitives.dll
0x00007ffa7faa0000 - 0x00007ffa7faaf000 	C:\Users\Ravindu Haputhanthri\.jdks\openjdk-22.0.2\bin\instrument.dll
0x00007ffa7e970000 - 0x00007ffa7e98e000 	C:\Users\Ravindu Haputhanthri\.jdks\openjdk-22.0.2\bin\java.dll
0x00007ffa8a7c0000 - 0x00007ffa8af2c000 	C:\Windows\System32\SHELL32.dll
0x00007ffa8be70000 - 0x00007ffa8bf9b000 	C:\Windows\System32\ole32.dll
0x00007ffa8bfa0000 - 0x00007ffa8c2f3000 	C:\Windows\System32\combase.dll
0x00007ffa87ec0000 - 0x00007ffa8865e000 	C:\Windows\SYSTEM32\windows.storage.dll
0x00007ffa897f0000 - 0x00007ffa8981e000 	C:\Windows\SYSTEM32\Wldp.dll
0x00007ffa8c440000 - 0x00007ffa8c50d000 	C:\Windows\System32\OLEAUT32.dll
0x00007ffa8b630000 - 0x00007ffa8b6dd000 	C:\Windows\System32\SHCORE.dll
0x00007ffa8c690000 - 0x00007ffa8c6e5000 	C:\Windows\System32\shlwapi.dll
0x00007ffa89d70000 - 0x00007ffa89d94000 	C:\Windows\SYSTEM32\profapi.dll
0x00007ffa4c730000 - 0x00007ffa4c807000 	C:\Users\Ravindu Haputhanthri\.jdks\openjdk-22.0.2\bin\jsvml.dll
0x00007ffa7e730000 - 0x00007ffa7e747000 	C:\Users\Ravindu Haputhanthri\.jdks\openjdk-22.0.2\bin\zip.dll
0x00007ffa827b0000 - 0x00007ffa827c0000 	C:\Users\Ravindu Haputhanthri\.jdks\openjdk-22.0.2\bin\net.dll
0x00007ffa894f0000 - 0x00007ffa8955a000 	C:\Windows\system32\mswsock.dll
0x00007ffa7e750000 - 0x00007ffa7e766000 	C:\Users\Ravindu Haputhanthri\.jdks\openjdk-22.0.2\bin\nio.dll
0x00007ffa77f90000 - 0x00007ffa77faa000 	C:\Program Files\JetBrains\IntelliJ IDEA Community Edition 2024.1\bin\breakgen64.dll
0x00007ffa7f840000 - 0x00007ffa7f849000 	C:\Users\Ravindu Haputhanthri\.jdks\openjdk-22.0.2\bin\extnet.dll
0x00007ffa7f6d0000 - 0x00007ffa7f6da000 	C:\Users\Ravindu Haputhanthri\.jdks\openjdk-22.0.2\bin\management.dll
0x00007ffa7f360000 - 0x00007ffa7f36b000 	C:\Users\Ravindu Haputhanthri\.jdks\openjdk-22.0.2\bin\management_ext.dll
0x00007ffa8bcc0000 - 0x00007ffa8bcc8000 	C:\Windows\System32\PSAPI.DLL
0x00007ffa7e6f0000 - 0x00007ffa7e6fb000 	C:\Users\Ravindu Haputhanthri\.jdks\openjdk-22.0.2\bin\le.dll
0x00007ffa7e720000 - 0x00007ffa7e72e000 	C:\Users\Ravindu Haputhanthri\.jdks\openjdk-22.0.2\bin\sunmscapi.dll
0x00007ffa8a380000 - 0x00007ffa8a4de000 	C:\Windows\System32\CRYPT32.dll
0x00007ffa89860000 - 0x00007ffa89889000 	C:\Windows\SYSTEM32\ncrypt.dll
0x00007ffa89820000 - 0x00007ffa8985b000 	C:\Windows\SYSTEM32\NTASN1.dll
0x00007ffa896f0000 - 0x00007ffa89708000 	C:\Windows\SYSTEM32\CRYPTSP.dll
0x00007ffa88e10000 - 0x00007ffa88e44000 	C:\Windows\system32\rsaenh.dll
0x00007ffa89ce0000 - 0x00007ffa89d0e000 	C:\Windows\SYSTEM32\USERENV.dll
0x00007ffa896e0000 - 0x00007ffa896ec000 	C:\Windows\SYSTEM32\CRYPTBASE.dll
0x00007ffa891d0000 - 0x00007ffa8920b000 	C:\Windows\SYSTEM32\IPHLPAPI.DLL
0x00007ffa8af30000 - 0x00007ffa8af38000 	C:\Windows\System32\NSI.dll
0x00007ffa83090000 - 0x00007ffa83097000 	C:\Windows\system32\wshunix.dll

dbghelp: loaded successfully - version: 4.0.5 - missing functions: none
symbol engine: initialized successfully - sym options: 0x614 - pdb path: .;C:\Users\Ravindu Haputhanthri\.jdks\openjdk-22.0.2\bin;C:\Windows\SYSTEM32;C:\Windows\WinSxS\amd64_microsoft.windows.common-controls_6595b64144ccf1df_6.0.19041.4355_none_60b8b9eb71f62e16;C:\Users\Ravindu Haputhanthri\.jdks\openjdk-22.0.2\bin\server;C:\Program Files\JetBrains\IntelliJ IDEA Community Edition 2024.1\bin

VM Arguments:
jvm_args: -javaagent:C:\Program Files\JetBrains\IntelliJ IDEA Community Edition 2024.1\lib\idea_rt.jar=8345:C:\Program Files\JetBrains\IntelliJ IDEA Community Edition 2024.1\bin -Dfile.encoding=UTF-8 -Dsun.stdout.encoding=UTF-8 -Dsun.stderr.encoding=UTF-8 
java_command: com.example.demo.DemoApplication
java_class_path (initial): C:\Users\Ravindu Haputhanthri\Downloads\demo\target\classes;C:\Users\Ravindu Haputhanthri\.m2\repository\org\springframework\boot\spring-boot-starter-security\3.3.2\spring-boot-starter-security-3.3.2.jar;C:\Users\Ravindu Haputhanthri\.m2\repository\org\springframework\boot\spring-boot-starter\3.3.2\spring-boot-starter-3.3.2.jar;C:\Users\Ravindu Haputhanthri\.m2\repository\org\springframework\boot\spring-boot-starter-logging\3.3.2\spring-boot-starter-logging-3.3.2.jar;C:\Users\Ravindu Haputhanthri\.m2\repository\ch\qos\logback\logback-classic\1.5.6\logback-classic-1.5.6.jar;C:\Users\Ravindu Haputhanthri\.m2\repository\ch\qos\logback\logback-core\1.5.6\logback-core-1.5.6.jar;C:\Users\Ravindu Haputhanthri\.m2\repository\org\apache\logging\log4j\log4j-to-slf4j\2.23.1\log4j-to-slf4j-2.23.1.jar;C:\Users\Ravindu Haputhanthri\.m2\repository\org\apache\logging\log4j\log4j-api\2.23.1\log4j-api-2.23.1.jar;C:\Users\Ravindu Haputhanthri\.m2\repository\org\slf4j\jul-to-slf4j\2.0.13\jul-to-slf4j-2.0.13.jar;C:\Users\Ravindu Haputhanthri\.m2\repository\jakarta\annotation\jakarta.annotation-api\2.1.1\jakarta.annotation-api-2.1.1.jar;C:\Users\Ravindu Haputhanthri\.m2\repository\org\yaml\snakeyaml\2.2\snakeyaml-2.2.jar;C:\Users\Ravindu Haputhanthri\.m2\repository\org\springframework\spring-aop\6.1.11\spring-aop-6.1.11.jar;C:\Users\Ravindu Haputhanthri\.m2\repository\org\springframework\spring-beans\6.1.11\spring-beans-6.1.11.jar;C:\Users\Ravindu Haputhanthri\.m2\repository\org\springframework\security\spring-security-config\6.3.1\spring-security-config-6.3.1.jar;C:\Users\Ravindu Haputhanthri\.m2\repository\org\springframework\spring-context\6.1.11\spring-context-6.1.11.jar;C:\Users\Ravindu Haputhanthri\.m2\repository\org\springframework\security\spring-security-web\6.3.1\spring-security-web-6.3.1.jar;C:\Users\Ravindu Haputhanthri\.m2\repository\org\springframework\spring-expression\6.1.11\spring-expression-6.1.11.jar;C:\Users\Ravindu Haputhanthri\.m2\repository\org\springframework\boot\spring-boot-starter-web\3.3.2\spring-boot-starter-web-3.3.2.jar;C:\Users\Ravindu Haputhanthri\.m2\repository\org\springframework\boot\spring-boot-starter-json\3.3.2\spring-boot-starter-json-3.3.2.jar;C:\Users\Ravindu Haputhanthri\.m2\repository\com\fasterxml\jackson\core\jackson-databind\2.17.2\jackson-databind-2.17.2.jar;C:\Users\Ravindu Haputhanthri\.m2\repository\com\fasterxml\jackson\core\jackson-annotations\2.17.2\jackson-annotations-2.17.2.jar;C:\Users\Ravindu Haputhanthri\.m2\repository\com\fasterxml\jackson\core\jackson-core\2.17.2\jackson-core-2.17.2.jar;C:\Users\Ravindu Haputhanthri\.m2\repository\com\fasterxml\jackson\datatype\jackson-datatype-jdk8\2.17.2\jackson-datatype-jdk8-2.17.2.jar;C:\Users\Ravindu Haputhanthri\.m2\repository\com\fasterxml\jackson\datatype\jackson-datatype-jsr310\2.17.2\jackson-datatype-jsr310-2.17.2.jar;C:\Users\Ravindu Haputhanthri\.m2\repository\com\fasterxml\jackson\module\jackson-module-parameter-names\2.17.2\jackson-module-parameter-names-2.17.2.jar;C:\Users\Ravindu Haputhanthri\.m2\repository\org\springframework\boot\spring-boot-starter-tomcat\3.3.2\spring-boot-starter-tomcat-3.3.2.jar;C:\Users\Ravindu Haputhanthri\.m2\repository\org\apache\tomcat\embed\tomcat-embed-core\10.1.26\tomcat-embed-core-10.1.26.jar;C:\Users\Ravindu Haputhanthri\.m2\repository\org\apache\tomcat\embed\tomcat-embed-el\10.1.26\tomcat-embed-el-10.1.26.jar;C:\Users\Ravindu Haputhanthri\.m2\repository\org\apache\tomcat\embed\tomcat-embed-websocket\10.1.26\tomcat-embed-websocket-10.1.26.jar;C:\Users\Ravindu Haputhanthri\.m2\repository\org\springframework\spring-web\6.1.11\spring-web-6.1.11.jar;C:\Users\Ravindu Haputhanthri\.m2\repository\io\micrometer\micrometer-observation\1.13.2\micrometer-observation-1.13.2.jar;C:\Users\Ravindu Haputhanthri\.m2\repository\io\micrometer\micrometer-commons\1.13.2\micrometer-commons-1.13.2.jar;C:\Users\Ravindu Haputhanthri\.m2\repository\org\springframework\spring-webmvc\6.1.11\spring-webmvc-6.1.11.jar;C:\Users\Ravindu Haputhanthri\.m2\repository\org\springframework\boot\spring-boot-devtools\3.3.2\spring-boot-devtools-3.3.2.jar;C:\Users\Ravindu Haputhanthri\.m2\repository\org\springframework\boot\spring-boot\3.3.2\spring-boot-3.3.2.jar;C:\Users\Ravindu Haputhanthri\.m2\repository\org\springframework\boot\spring-boot-autoconfigure\3.3.2\spring-boot-autoconfigure-3.3.2.jar;C:\Users\Ravindu Haputhanthri\.m2\repository\org\slf4j\slf4j-api\2.0.13\slf4j-api-2.0.13.jar;C:\Users\Ravindu Haputhanthri\.m2\repository\org\springframework\spring-core\6.1.11\spring-core-6.1.11.jar;C:\Users\Ravindu Haputhanthri\.m2\repository\org\springframework\spring-jcl\6.1.11\spring-jcl-6.1.11.jar;C:\Users\Ravindu Haputhanthri\.m2\repository\org\springframework\security\spring-security-core\6.3.1\spring-security-core-6.3.1.jar;C:\Users\Ravindu Haputhanthri\.m2\repository\org\springframework\security\spring-security-crypto\6.3.1\spring-security-crypto-6.3.1.jar
Launcher Type: SUN_STANDARD

[Global flags]
     intx CICompilerCount                          = 3                                         {product} {ergonomic}
     uint ConcGCThreads                            = 1                                         {product} {ergonomic}
     uint G1ConcRefinementThreads                  = 4                                         {product} {ergonomic}
   size_t G1HeapRegionSize                         = 1048576                                   {product} {ergonomic}
   size_t InitialHeapSize                          = 65011712                                  {product} {ergonomic}
   size_t MarkStackSize                            = 4194304                                   {product} {ergonomic}
   size_t MaxHeapSize                              = 1040187392                                {product} {ergonomic}
   size_t MaxNewSize                               = 623902720                                 {product} {ergonomic}
   size_t MinHeapDeltaBytes                        = 1048576                                   {product} {ergonomic}
   size_t MinHeapSize                              = 8388608                                   {product} {ergonomic}
    uintx NonNMethodCodeHeapSize                   = 5832780                                {pd product} {ergonomic}
    uintx NonProfiledCodeHeapSize                  = 122912730                              {pd product} {ergonomic}
    uintx ProfiledCodeHeapSize                     = 122912730                              {pd product} {ergonomic}
    uintx ReservedCodeCacheSize                    = 251658240                              {pd product} {ergonomic}
     bool SegmentedCodeCache                       = true                                      {product} {ergonomic}
   size_t SoftMaxHeapSize                          = 1040187392                             {manageable} {ergonomic}
     bool UseCompressedOops                        = true                           {product lp64_product} {ergonomic}
     bool UseG1GC                                  = true                                      {product} {ergonomic}
     bool UseLargePagesIndividualAllocation        = false                                  {pd product} {ergonomic}

Logging:
Log output configuration:
 #0: stdout all=warning uptime,level,tags foldmultilines=false
 #1: stderr all=off uptime,level,tags foldmultilines=false

Environment Variables:
PATH=C:\Program Files\Java\jdk-17\bin;C:\Program Files\Java\jdk-21\bin;C:\Program Files\Common Files\Oracle\Java\javapath;C:\Program Files\Java\jdk-11\bin;C:\Program Files (x86)\Common Files\Oracle\Java\java8path;C:\Program Files (x86)\Common Files\Oracle\Java\javapath;C:\Program Files\Java\jdk1.8.0_202\bin;D:\Softwares\Oracle\WINDOWS.X64_193000_db_home\bin;C:\Oracle\WINDOWS.X64_193000_db_home\bin;C:\Windows\system32;C:\Windows;C:\Windows\System32\Wbem;C:\Windows\System32\WindowsPowerShell\v1.0\;C:\Windows\System32\OpenSSH\;C:\ProgramData\chocolatey\bin;C:\Program Files\dotnet\;C:\Program Files (x86)\Microsoft SQL Server\160\DTS\Binn\;C:\Program Files\Azure Data Studio\bin;C:\Program Files (x86)\Microsoft SQL Server\160\Tools\Binn\;C:\Program Files\Microsoft SQL Server\160\Tools\Binn\;C:\Program Files\Microsoft SQL Server\Client SDK\ODBC\170\Tools\Binn\;C:\Program Files\Microsoft SQL Server\160\DTS\Binn\;C:\Program Files (x86)\Microsoft SQL Server\150\Tools\Binn\;C:\Program Files\Microsoft SQL Server\150\Tools\Binn\;C:\Program Files\Microsoft SQL Server\150\DTS\Binn\;C:\Program Files\MySQL\MySQL Server 8.0\bin;C:\Program Files\Git\cmd;C:\Program Files\nodejs\;C:\Users\Ravindu Haputhanthri\AppData\Local\Programs\Python\Python312\Scripts\;C:\Users\Ravindu Haputhanthri\AppData\Local\Programs\Python\Python312\;C:\Users\Ravindu Haputhanthri\AppData\Local\Programs\Python\Launcher\;C:\Users\Ravindu Haputhanthri\AppData\Local\Microsoft\WindowsApps;;C:\Program Files\JetBrains\IntelliJ IDEA Community Edition 2024.1\bin;;C:\Program Files\JetBrains\PyCharm Community Edition 2022.1\bin;;C:\Users\Ravindu Haputhanthri\AppData\Local\Programs\Microsoft VS Code\bin;C:\Users\Ravindu Haputhanthri\.dotnet\tools;C:\Program Files\Azure Data Studio\bin;C:\Program Files\JetBrains\IntelliJ IDEA 2023.3.2\bin;;C:\Users\Ravindu Haputhanthri\AppData\Roaming\npm
USERNAME=Ravindu Haputhanthri
OS=Windows_NT
PROCESSOR_IDENTIFIER=Intel64 Family 6 Model 142 Stepping 10, GenuineIntel
TMP=C:\Users\RAVIND~1\AppData\Local\Temp
TEMP=C:\Users\RAVIND~1\AppData\Local\Temp




Periodic native trim disabled

---------------  S Y S T E M  ---------------

OS:
 Windows 10 , 64 bit Build 19041 (10.0.19041.4597)
OS uptime: 26 days 7:54 hours

CPU: total 4 (initial active 4) (2 cores per cpu, 2 threads per core) family 6 model 142 stepping 10 microcode 0xec, cx8, cmov, fxsr, ht, mmx, 3dnowpref, sse, sse2, sse3, ssse3, sse4.1, sse4.2, popcnt, lzcnt, tsc, tscinvbit, avx, avx2, aes, erms, clmul, bmi1, bmi2, adx, fma, vzeroupper, clflush, clflushopt, rdtscp, f16c
Processor Information for all 4 processors :
  Max Mhz: 2208, Current Mhz: 2208, Mhz Limit: 2208

Memory: 4k page, system-wide physical 3960M (123M free)
TotalPageFile size 16248M (AvailPageFile size 64M)
current process WorkingSet (physical memory assigned to process): 150M, peak: 167M
current process commit charge ("private bytes"): 189M, peak: 199M

vm_info: OpenJDK 64-Bit Server VM (22.0.2+9-70) for windows-amd64 JRE (22.0.2+9-70), built on 2024-06-04T16:52:23Z by "mach5one" with MS VC++ 17.6 (VS2022)

END.
