#
# There is insufficient memory for the Java Runtime Environment to continue.
# Native memory allocation (malloc) failed to allocate 32744 bytes. Error detail: Chunk::new
# Possible reasons:
#   The system is out of physical RAM or swap space
#   This process is running with CompressedOops enabled, and the Java Heap may be blocking the growth of the native heap
# Possible solutions:
#   Reduce memory load on the system
#   Increase physical memory or swap space
#   Check if swap backing store is full
#   Decrease Java heap size (-Xmx/-Xms)
#   Decrease number of Java threads
#   Decrease Java thread stack sizes (-Xss)
#   Set larger code cache with -XX:ReservedCodeCacheSize=
#   JVM is running with Unscaled Compressed Oops mode in which the Java heap is
#     placed in the first 4GB address space. The Java Heap base address is the
#     maximum limit for the native heap growth. Please use -XX:HeapBaseMinAddress
#     to set the Java Heap base and to place the Java Heap above 4GB virtual address.
# This output file may be truncated or incomplete.
#
#  Out of Memory Error (arena.cpp:150), pid=27676, tid=25896
#
# JRE version: OpenJDK Runtime Environment (22.0.2+9) (build 22.0.2+9-70)
# Java VM: OpenJDK 64-Bit Server VM (22.0.2+9-70, mixed mode, sharing, tiered, compressed oops, compressed class ptrs, g1 gc, windows-amd64)
# No core dump will be written. Minidumps are not enabled by default on client versions of Windows
#

---------------  S U M M A R Y ------------

Command Line: -javaagent:C:\Program Files\JetBrains\IntelliJ IDEA Community Edition 2024.1\lib\idea_rt.jar=4310:C:\Program Files\JetBrains\IntelliJ IDEA Community Edition 2024.1\bin -Dfile.encoding=UTF-8 -Dsun.stdout.encoding=UTF-8 -Dsun.stderr.encoding=UTF-8 com.example.demo.DemoApplication

Host: Intel(R) Core(TM) i3-8130U CPU @ 2.20GHz, 4 cores, 3G,  Windows 10 , 64 bit Build 19041 (10.0.19041.4597)
Time: Fri Aug 16 11:35:46 2024 Sri Lanka Standard Time elapsed time: 108.892046 seconds (0d 0h 1m 48s)

---------------  T H R E A D  ---------------

Current thread (0x00000220b67901a0):  JavaThread "C2 CompilerThread0" daemon [_thread_in_native, id=25896, stack(0x0000006618f00000,0x0000006619000000) (1024K)]


Current CompileTask:
C2:108893 4407       4       java.lang.invoke.MethodType::makeImpl (109 bytes)

Stack: [0x0000006618f00000,0x0000006619000000]
Native frames: (J=compiled Java code, j=interpreted, Vv=VM code, C=native code)
V  [jvm.dll+0x6e26e9]  (no source info available)
V  [jvm.dll+0x875753]  (no source info available)
V  [jvm.dll+0x877b7e]  (no source info available)
V  [jvm.dll+0x878253]  (no source info available)
V  [jvm.dll+0x27fc86]  (no source info available)
V  [jvm.dll+0xc3d0f]  (no source info available)
V  [jvm.dll+0xc40fb]  (no source info available)
V  [jvm.dll+0xc3bbb]  (no source info available)
V  [jvm.dll+0x6bf0fd]  (no source info available)
V  [jvm.dll+0x6bda98]  (no source info available)
V  [jvm.dll+0x6830fb]  (no source info available)
V  [jvm.dll+0x304e09]  (no source info available)
V  [jvm.dll+0x2ff256]  (no source info available)
V  [jvm.dll+0x2ff944]  (no source info available)
V  [jvm.dll+0x248daf]  (no source info available)
V  [jvm.dll+0x246da6]  (no source info available)
V  [jvm.dll+0x1c4e80]  (no source info available)
V  [jvm.dll+0x2568f3]  (no source info available)
V  [jvm.dll+0x254baa]  (no source info available)
V  [jvm.dll+0x3f57a6]  (no source info available)
V  [jvm.dll+0x81dc0b]  (no source info available)
V  [jvm.dll+0x6e0d85]  (no source info available)
C  [ucrtbase.dll+0x21bb2]  (no source info available)
C  [KERNEL32.DLL+0x17374]  (no source info available)
C  [ntdll.dll+0x4cc91]  (no source info available)


---------------  P R O C E S S  ---------------

Threads class SMR info:
_java_thread_list=0x00000220fceec0e0, length=19, elements={
0x00000220b676e940, 0x00000220b6770080, 0x00000220b67793a0, 0x00000220b677c020,
0x00000220b677eba0, 0x00000220b677e510, 0x00000220b67901a0, 0x00000220b6794880,
0x00000220b677de80, 0x00000220b677d160, 0x00000220b677f8c0, 0x00000220fc9a47b0,
0x00000220fc99deb0, 0x00000220fc9a0610, 0x00000220fc9a2050, 0x00000220fc9a26e0,
0x00000220b677d7f0, 0x00000220b677cad0, 0x00000220fd15bdd0
}

Java Threads: ( => current thread )
  0x00000220b676e940 JavaThread "Reference Handler"          daemon [_thread_blocked, id=16540, stack(0x0000006618900000,0x0000006618a00000) (1024K)]
  0x00000220b6770080 JavaThread "Finalizer"                  daemon [_thread_blocked, id=21092, stack(0x0000006618a00000,0x0000006618b00000) (1024K)]
  0x00000220b67793a0 JavaThread "Signal Dispatcher"          daemon [_thread_blocked, id=26000, stack(0x0000006618b00000,0x0000006618c00000) (1024K)]
  0x00000220b677c020 JavaThread "Attach Listener"            daemon [_thread_blocked, id=19124, stack(0x0000006618c00000,0x0000006618d00000) (1024K)]
  0x00000220b677eba0 JavaThread "Service Thread"             daemon [_thread_blocked, id=6436, stack(0x0000006618d00000,0x0000006618e00000) (1024K)]
  0x00000220b677e510 JavaThread "Monitor Deflation Thread"   daemon [_thread_blocked, id=22004, stack(0x0000006618e00000,0x0000006618f00000) (1024K)]
=>0x00000220b67901a0 JavaThread "C2 CompilerThread0"         daemon [_thread_in_native, id=25896, stack(0x0000006618f00000,0x0000006619000000) (1024K)]
  0x00000220b6794880 JavaThread "C1 CompilerThread0"         daemon [_thread_blocked, id=6048, stack(0x0000006619000000,0x0000006619100000) (1024K)]
  0x00000220b677de80 JavaThread "Common-Cleaner"             daemon [_thread_blocked, id=4648, stack(0x0000006619100000,0x0000006619200000) (1024K)]
  0x00000220b677d160 JavaThread "Monitor Ctrl-Break"         daemon [_thread_in_native, id=28312, stack(0x0000006619200000,0x0000006619300000) (1024K)]
  0x00000220b677f8c0 JavaThread "Notification Thread"        daemon [_thread_blocked, id=4496, stack(0x0000006619300000,0x0000006619400000) (1024K)]
  0x00000220fc9a47b0 JavaThread "Catalina-utility-1"                [_thread_blocked, id=5252, stack(0x0000006619900000,0x0000006619a00000) (1024K)]
  0x00000220fc99deb0 JavaThread "Catalina-utility-2"                [_thread_blocked, id=9200, stack(0x0000006619a00000,0x0000006619b00000) (1024K)]
  0x00000220fc9a0610 JavaThread "container-0"                       [_thread_blocked, id=26676, stack(0x0000006619b00000,0x0000006619c00000) (1024K)]
  0x00000220fc9a2050 JavaThread "File Watcher"               daemon [_thread_blocked, id=27892, stack(0x0000006619c00000,0x0000006619d00000) (1024K)]
  0x00000220fc9a26e0 JavaThread "Live Reload Server"         daemon [_thread_in_native, id=2136, stack(0x0000006619e00000,0x0000006619f00000) (1024K)]
  0x00000220b677d7f0 JavaThread "DestroyJavaVM"                     [_thread_blocked, id=17956, stack(0x0000006618100000,0x0000006618200000) (1024K)]
  0x00000220b677cad0 JavaThread "SIGINT handler"             daemon [_thread_blocked, id=5864, stack(0x0000006617e00000,0x0000006617f00000) (1024K)]
  0x00000220fd15bdd0 JavaThread "SpringApplicationShutdownHook"        [_thread_in_Java, id=7528, stack(0x0000006618000000,0x0000006618100000) (1024K)]
Total: 19

Other Threads:
  0x0000022099dde0d0 VMThread "VM Thread"                           [id=2064, stack(0x0000006618800000,0x0000006618900000) (1024K)]
  0x0000022099dcb990 WatcherThread "VM Periodic Task Thread"        [id=19196, stack(0x0000006618700000,0x0000006618800000) (1024K)]
  0x0000022099d545a0 WorkerThread "GC Thread#0"                     [id=26808, stack(0x0000006618200000,0x0000006618300000) (1024K)]
  0x00000220fc499280 WorkerThread "GC Thread#1"                     [id=16520, stack(0x0000006619400000,0x0000006619500000) (1024K)]
  0x00000220fc3c2560 WorkerThread "GC Thread#2"                     [id=26276, stack(0x0000006619500000,0x0000006619600000) (1024K)]
  0x00000220fc15bc70 WorkerThread "GC Thread#3"                     [id=15928, stack(0x0000006619600000,0x0000006619700000) (1024K)]
  0x0000022099d5d190 ConcurrentGCThread "G1 Main Marker"            [id=24776, stack(0x0000006618300000,0x0000006618400000) (1024K)]
  0x0000022099d5dca0 WorkerThread "G1 Conc#0"                       [id=11408, stack(0x0000006618400000,0x0000006618500000) (1024K)]
  0x0000022099db8ac0 ConcurrentGCThread "G1 Refine#0"               [id=20320, stack(0x0000006618500000,0x0000006618600000) (1024K)]
  0x0000022099dbbe70 ConcurrentGCThread "G1 Service"                [id=19392, stack(0x0000006618600000,0x0000006618700000) (1024K)]
Total: 10

Threads with active compile tasks:
C2 CompilerThread0  109352 4407       4       java.lang.invoke.MethodType::makeImpl (109 bytes)
Total: 1

VM state: not at safepoint (normal execution)

VM Mutex/Monitor currently owned by a thread: None

Heap address: 0x00000000c2000000, size: 992 MB, Compressed Oops mode: 32-bit

CDS archive(s) mapped at: [0x00000220b7000000-0x00000220b7c60000-0x00000220b7c60000), size 12976128, SharedBaseAddress: 0x00000220b7000000, ArchiveRelocationMode: 1.
Compressed class space mapped at: 0x00000220b8000000-0x00000220f8000000, reserved size: 1073741824
Narrow klass base: 0x00000220b7000000, Narrow klass shift: 0, Narrow klass range: 0x41000000

GC Precious Log:
 CardTable entry size: 512
 Card Set container configuration: InlinePtr #cards 5 size 8 Array Of Cards #cards 12 size 40 Howl #buckets 4 coarsen threshold 1843 Howl Bitmap #cards 512 size 80 coarsen threshold 460 Card regions per heap region 1 cards per card region 2048
 CPUs: 4 total, 4 available
 Memory: 3960M
 Large Page Support: Disabled
 NUMA Support: Disabled
 Compressed Oops: Enabled (32-bit)
 Heap Region Size: 1M
 Heap Min Capacity: 8M
 Heap Initial Capacity: 62M
 Heap Max Capacity: 992M
 Pre-touch: Disabled
 Parallel Workers: 4
 Concurrent Workers: 1
 Concurrent Refinement Workers: 4
 Periodic GC: Disabled

Heap:
 garbage-first heap   total reserved 1015808K, committed 40960K, used 30926K [0x00000000c2000000, 0x0000000100000000)
  region size 1024K, 19 young (19456K), 3 survivors (3072K)
 Metaspace       used 33072K, committed 33728K, reserved 1114112K
  class space    used 4292K, committed 4608K, reserved 1048576K

Heap Regions: E=young(eden), S=young(survivor), O=old, HS=humongous(starts), HC=humongous(continues), CS=collection set, F=free, TAMS=top-at-mark-start, PB=parsable bottom
|   0|0x00000000c2000000, 0x00000000c2100000, 0x00000000c2100000|100%| O|  |TAMS 0x00000000c2000000| PB 0x00000000c2000000| Untracked |  0
|   1|0x00000000c2100000, 0x00000000c2200000, 0x00000000c2200000|100%| O|  |TAMS 0x00000000c2100000| PB 0x00000000c2100000| Untracked |  0
|   2|0x00000000c2200000, 0x00000000c2300000, 0x00000000c2300000|100%| O|  |TAMS 0x00000000c2200000| PB 0x00000000c2200000| Untracked |  0
|   3|0x00000000c2300000, 0x00000000c2400000, 0x00000000c2400000|100%| O|  |TAMS 0x00000000c2300000| PB 0x00000000c2300000| Untracked |  0
|   4|0x00000000c2400000, 0x00000000c2500000, 0x00000000c2500000|100%| O|  |TAMS 0x00000000c2400000| PB 0x00000000c2400000| Untracked |  0
|   5|0x00000000c2500000, 0x00000000c2600000, 0x00000000c2600000|100%| O|  |TAMS 0x00000000c2500000| PB 0x00000000c2500000| Untracked |  0
|   6|0x00000000c2600000, 0x00000000c2700000, 0x00000000c2700000|100%| O|  |TAMS 0x00000000c2600000| PB 0x00000000c2600000| Untracked |  0
|   7|0x00000000c2700000, 0x00000000c2800000, 0x00000000c2800000|100%| O|  |TAMS 0x00000000c2700000| PB 0x00000000c2700000| Untracked |  0
|   8|0x00000000c2800000, 0x00000000c2900000, 0x00000000c2900000|100%| O|  |TAMS 0x00000000c2800000| PB 0x00000000c2800000| Untracked |  0
|   9|0x00000000c2900000, 0x00000000c2a00000, 0x00000000c2a00000|100%| O|  |TAMS 0x00000000c2900000| PB 0x00000000c2900000| Untracked |  0
|  10|0x00000000c2a00000, 0x00000000c2a00000, 0x00000000c2b00000|  0%| F|  |TAMS 0x00000000c2a00000| PB 0x00000000c2a00000| Untracked |  0
|  11|0x00000000c2b00000, 0x00000000c2c00000, 0x00000000c2c00000|100%| O|  |TAMS 0x00000000c2b00000| PB 0x00000000c2b00000| Untracked |  0
|  12|0x00000000c2c00000, 0x00000000c2d00000, 0x00000000c2d00000|100%| O|  |TAMS 0x00000000c2c00000| PB 0x00000000c2c00000| Untracked |  0
|  13|0x00000000c2d00000, 0x00000000c2d00000, 0x00000000c2e00000|  0%| F|  |TAMS 0x00000000c2d00000| PB 0x00000000c2d00000| Untracked |  0
|  14|0x00000000c2e00000, 0x00000000c2e00000, 0x00000000c2f00000|  0%| F|  |TAMS 0x00000000c2e00000| PB 0x00000000c2e00000| Untracked |  0
|  15|0x00000000c2f00000, 0x00000000c2f00000, 0x00000000c3000000|  0%| F|  |TAMS 0x00000000c2f00000| PB 0x00000000c2f00000| Untracked |  0
|  16|0x00000000c3000000, 0x00000000c30cba28, 0x00000000c3100000| 79%| O|  |TAMS 0x00000000c3000000| PB 0x00000000c3000000| Untracked |  0
|  17|0x00000000c3100000, 0x00000000c3100000, 0x00000000c3200000|  0%| F|  |TAMS 0x00000000c3100000| PB 0x00000000c3100000| Untracked |  0
|  18|0x00000000c3200000, 0x00000000c3267fc0, 0x00000000c3300000| 40%| S|CS|TAMS 0x00000000c3200000| PB 0x00000000c3200000| Complete |  0
|  19|0x00000000c3300000, 0x00000000c3400000, 0x00000000c3400000|100%| S|CS|TAMS 0x00000000c3300000| PB 0x00000000c3300000| Complete |  0
|  20|0x00000000c3400000, 0x00000000c3500000, 0x00000000c3500000|100%| S|CS|TAMS 0x00000000c3400000| PB 0x00000000c3400000| Complete |  0
|  21|0x00000000c3500000, 0x00000000c3500000, 0x00000000c3600000|  0%| F|  |TAMS 0x00000000c3500000| PB 0x00000000c3500000| Untracked |  0
|  22|0x00000000c3600000, 0x00000000c3600000, 0x00000000c3700000|  0%| F|  |TAMS 0x00000000c3600000| PB 0x00000000c3600000| Untracked |  0
|  23|0x00000000c3700000, 0x00000000c3700000, 0x00000000c3800000|  0%| F|  |TAMS 0x00000000c3700000| PB 0x00000000c3700000| Untracked |  0
|  24|0x00000000c3800000, 0x00000000c38119e0, 0x00000000c3900000|  6%| E|  |TAMS 0x00000000c3800000| PB 0x00000000c3800000| Complete |  0
|  25|0x00000000c3900000, 0x00000000c3a00000, 0x00000000c3a00000|100%| E|CS|TAMS 0x00000000c3900000| PB 0x00000000c3900000| Complete |  0
|  26|0x00000000c3a00000, 0x00000000c3b00000, 0x00000000c3b00000|100%| E|CS|TAMS 0x00000000c3a00000| PB 0x00000000c3a00000| Complete |  0
|  27|0x00000000c3b00000, 0x00000000c3c00000, 0x00000000c3c00000|100%| E|CS|TAMS 0x00000000c3b00000| PB 0x00000000c3b00000| Complete |  0
|  28|0x00000000c3c00000, 0x00000000c3d00000, 0x00000000c3d00000|100%| E|CS|TAMS 0x00000000c3c00000| PB 0x00000000c3c00000| Complete |  0
|  29|0x00000000c3d00000, 0x00000000c3e00000, 0x00000000c3e00000|100%| E|CS|TAMS 0x00000000c3d00000| PB 0x00000000c3d00000| Complete |  0
|  30|0x00000000c3e00000, 0x00000000c3f00000, 0x00000000c3f00000|100%| E|CS|TAMS 0x00000000c3e00000| PB 0x00000000c3e00000| Complete |  0
|  31|0x00000000c3f00000, 0x00000000c4000000, 0x00000000c4000000|100%| E|CS|TAMS 0x00000000c3f00000| PB 0x00000000c3f00000| Complete |  0
|  32|0x00000000c4000000, 0x00000000c4100000, 0x00000000c4100000|100%| E|CS|TAMS 0x00000000c4000000| PB 0x00000000c4000000| Complete |  0
|  33|0x00000000c4100000, 0x00000000c4200000, 0x00000000c4200000|100%| E|CS|TAMS 0x00000000c4100000| PB 0x00000000c4100000| Complete |  0
|  34|0x00000000c4200000, 0x00000000c4300000, 0x00000000c4300000|100%| E|CS|TAMS 0x00000000c4200000| PB 0x00000000c4200000| Complete |  0
|  35|0x00000000c4300000, 0x00000000c4400000, 0x00000000c4400000|100%| E|CS|TAMS 0x00000000c4300000| PB 0x00000000c4300000| Complete |  0
|  36|0x00000000c4400000, 0x00000000c4500000, 0x00000000c4500000|100%| E|CS|TAMS 0x00000000c4400000| PB 0x00000000c4400000| Complete |  0
|  37|0x00000000c4500000, 0x00000000c4600000, 0x00000000c4600000|100%| E|CS|TAMS 0x00000000c4500000| PB 0x00000000c4500000| Complete |  0
|  38|0x00000000c4600000, 0x00000000c4700000, 0x00000000c4700000|100%| E|CS|TAMS 0x00000000c4600000| PB 0x00000000c4600000| Complete |  0
|  60|0x00000000c5c00000, 0x00000000c5d00000, 0x00000000c5d00000|100%| E|CS|TAMS 0x00000000c5c00000| PB 0x00000000c5c00000| Complete |  0

Card table byte_map: [0x00000220b3050000,0x00000220b3240000] _byte_map_base: 0x00000220b2a40000

Marking Bits: (CMBitMap*) 0x0000022099d54cb0
 Bits: [0x00000220b3240000, 0x00000220b41c0000)

Polling page: 0x0000022099de0000

Metaspace:

Usage:
  Non-class:     28.11 MB used.
      Class:      4.19 MB used.
       Both:     32.30 MB used.

Virtual space:
  Non-class space:       64.00 MB reserved,      28.44 MB ( 44%) committed,  1 nodes.
      Class space:        1.00 GB reserved,       4.50 MB ( <1%) committed,  1 nodes.
             Both:        1.06 GB reserved,      32.94 MB (  3%) committed. 

Chunk freelists:
   Non-Class:  3.59 MB
       Class:  11.37 MB
        Both:  14.97 MB

MaxMetaspaceSize: unlimited
CompressedClassSpaceSize: 1.00 GB
Initial GC threshold: 21.00 MB
Current GC threshold: 35.12 MB
CDS: on
 - commit_granule_bytes: 65536.
 - commit_granule_words: 8192.
 - virtual_space_node_default_size: 8388608.
 - enlarge_chunks_in_place: 1.
 - use_allocation_guard: 0.


Internal statistics:

num_allocs_failed_limit: 3.
num_arena_births: 766.
num_arena_deaths: 0.
num_vsnodes_births: 2.
num_vsnodes_deaths: 0.
num_space_committed: 527.
num_space_uncommitted: 0.
num_chunks_returned_to_freelist: 3.
num_chunks_taken_from_freelist: 1966.
num_chunk_merges: 0.
num_chunk_splits: 1295.
num_chunks_enlarged: 908.
num_inconsistent_stats: 0.

CodeHeap 'non-profiled nmethods': size=120000Kb used=2142Kb max_used=2142Kb free=117857Kb
 bounds [0x00000220ab300000, 0x00000220ab570000, 0x00000220b2830000]
CodeHeap 'profiled nmethods': size=120000Kb used=8586Kb max_used=8586Kb free=111414Kb
 bounds [0x00000220a3830000, 0x00000220a40a0000, 0x00000220aad60000]
CodeHeap 'non-nmethods': size=5760Kb used=1503Kb max_used=1562Kb free=4256Kb
 bounds [0x00000220aad60000, 0x00000220aafd0000, 0x00000220ab300000]
 total_blobs=4980 nmethods=4403 adapters=481
 compilation: enabled
              stopped_count=0, restarted_count=0
 full_count=0

Compilation events (20 events):
Event: 102.993 Thread 0x00000220b6794880 nmethod 4397 0x00000220a408ca10 code [0x00000220a408cbc0, 0x00000220a408cde8]
Event: 103.185 Thread 0x00000220b6794880 4398       3       org.springframework.boot.devtools.filewatch.FileSnapshot::<init> (64 bytes)
Event: 103.189 Thread 0x00000220b6794880 nmethod 4398 0x00000220a408ce90 code [0x00000220a408d1e0, 0x00000220a408e448]
Event: 105.983 Thread 0x00000220b6794880 4399       1       java.util.concurrent.ThreadPoolExecutor::getQueue (5 bytes)
Event: 105.988 Thread 0x00000220b6794880 nmethod 4399 0x00000220ab516f10 code [0x00000220ab5170a0, 0x00000220ab517168]
Event: 106.918 Thread 0x00000220b6794880 4400   !   3       sun.nio.ch.SelectorImpl::processDeregisterQueue (145 bytes)
Event: 106.938 Thread 0x00000220b6794880 nmethod 4400 0x00000220a408ea10 code [0x00000220a408eca0, 0x00000220a408fc18]
Event: 106.981 Thread 0x00000220b6794880 4401       3       java.util.concurrent.ThreadPoolExecutor::workerCountOf (5 bytes)
Event: 106.981 Thread 0x00000220b6794880 nmethod 4401 0x00000220a4090310 code [0x00000220a40904a0, 0x00000220a4090598]
Event: 107.315 Thread 0x00000220b67901a0 4402       4       java.lang.ref.Reference::refersToImpl (6 bytes)
Event: 107.320 Thread 0x00000220b67901a0 nmethod 4402 0x00000220ab517210 code [0x00000220ab517380, 0x00000220ab517418]
Event: 108.448 Thread 0x00000220b67901a0 4403       4       org.springframework.core.annotation.MergedAnnotations$Search$$Lambda/0x00000220b8035690::test (8 bytes)
Event: 108.463 Thread 0x00000220b67901a0 nmethod 4403 0x00000220ab517510 code [0x00000220ab5176a0, 0x00000220ab517760]
Event: 108.659 Thread 0x00000220b6794880 4404       3       jdk.internal.util.ReferencedKeySet::intern (9 bytes)
Event: 108.664 Thread 0x00000220b6794880 nmethod 4404 0x00000220a4090610 code [0x00000220a40907c0, 0x00000220a40909d8]
Event: 108.664 Thread 0x00000220b6794880 4405       3       jdk.internal.util.ReferencedKeyMap::intern (18 bytes)
Event: 108.671 Thread 0x00000220b6794880 nmethod 4405 0x00000220a4090b10 code [0x00000220a4090da0, 0x00000220a4091a00]
Event: 108.671 Thread 0x00000220b6794880 4406       3       java.lang.invoke.MethodTypeForm::findForm (24 bytes)
Event: 108.675 Thread 0x00000220b67901a0 4407       4       java.lang.invoke.MethodType::makeImpl (109 bytes)
Event: 108.676 Thread 0x00000220b6794880 nmethod 4406 0x00000220a4091e10 code [0x00000220a4091fe0, 0x00000220a4092228]

GC Heap History (14 events):
Event: 1.258 GC heap before
{Heap before GC invocations=0 (full 0):
 garbage-first heap   total reserved 1015808K, committed 63488K, used 13312K [0x00000000c2000000, 0x0000000100000000)
  region size 1024K, 14 young (14336K), 0 survivors (0K)
 Metaspace       used 4510K, committed 4672K, reserved 1114112K
  class space    used 502K, committed 576K, reserved 1048576K
}
Event: 1.270 GC heap after
{Heap after GC invocations=1 (full 0):
 garbage-first heap   total reserved 1015808K, committed 63488K, used 4058K [0x00000000c2000000, 0x0000000100000000)
  region size 1024K, 2 young (2048K), 2 survivors (2048K)
 Metaspace       used 4510K, committed 4672K, reserved 1114112K
  class space    used 502K, committed 576K, reserved 1048576K
}
Event: 2.798 GC heap before
{Heap before GC invocations=1 (full 0):
 garbage-first heap   total reserved 1015808K, committed 63488K, used 20442K [0x00000000c2000000, 0x0000000100000000)
  region size 1024K, 19 young (19456K), 2 survivors (2048K)
 Metaspace       used 9142K, committed 9408K, reserved 1114112K
  class space    used 1134K, committed 1216K, reserved 1048576K
}
Event: 2.804 GC heap after
{Heap after GC invocations=2 (full 0):
 garbage-first heap   total reserved 1015808K, committed 63488K, used 6119K [0x00000000c2000000, 0x0000000100000000)
  region size 1024K, 2 young (2048K), 2 survivors (2048K)
 Metaspace       used 9142K, committed 9408K, reserved 1114112K
  class space    used 1134K, committed 1216K, reserved 1048576K
}
Event: 3.584 GC heap before
{Heap before GC invocations=2 (full 0):
 garbage-first heap   total reserved 1015808K, committed 63488K, used 31719K [0x00000000c2000000, 0x0000000100000000)
  region size 1024K, 28 young (28672K), 2 survivors (2048K)
 Metaspace       used 16430K, committed 16768K, reserved 1114112K
  class space    used 2022K, committed 2176K, reserved 1048576K
}
Event: 3.590 GC heap after
{Heap after GC invocations=3 (full 0):
 garbage-first heap   total reserved 1015808K, committed 63488K, used 8079K [0x00000000c2000000, 0x0000000100000000)
  region size 1024K, 4 young (4096K), 4 survivors (4096K)
 Metaspace       used 16430K, committed 16768K, reserved 1114112K
  class space    used 2022K, committed 2176K, reserved 1048576K
}
Event: 5.621 GC heap before
{Heap before GC invocations=3 (full 0):
 garbage-first heap   total reserved 1015808K, committed 63488K, used 40847K [0x00000000c2000000, 0x0000000100000000)
  region size 1024K, 37 young (37888K), 4 survivors (4096K)
 Metaspace       used 21066K, committed 21376K, reserved 1114112K
  class space    used 2604K, committed 2752K, reserved 1048576K
}
Event: 5.631 GC heap after
{Heap after GC invocations=4 (full 0):
 garbage-first heap   total reserved 1015808K, committed 63488K, used 11143K [0x00000000c2000000, 0x0000000100000000)
  region size 1024K, 5 young (5120K), 5 survivors (5120K)
 Metaspace       used 21066K, committed 21376K, reserved 1114112K
  class space    used 2604K, committed 2752K, reserved 1048576K
}
Event: 5.652 GC heap before
{Heap before GC invocations=4 (full 0):
 garbage-first heap   total reserved 1015808K, committed 63488K, used 11143K [0x00000000c2000000, 0x0000000100000000)
  region size 1024K, 6 young (6144K), 5 survivors (5120K)
 Metaspace       used 21149K, committed 21504K, reserved 1114112K
  class space    used 2623K, committed 2816K, reserved 1048576K
}
Event: 5.662 GC heap after
{Heap after GC invocations=5 (full 0):
 garbage-first heap   total reserved 1015808K, committed 63488K, used 11649K [0x00000000c2000000, 0x0000000100000000)
  region size 1024K, 1 young (1024K), 1 survivors (1024K)
 Metaspace       used 21149K, committed 21504K, reserved 1114112K
  class space    used 2623K, committed 2816K, reserved 1048576K
}
Event: 6.845 GC heap before
{Heap before GC invocations=6 (full 0):
 garbage-first heap   total reserved 1015808K, committed 40960K, used 35201K [0x00000000c2000000, 0x0000000100000000)
  region size 1024K, 24 young (24576K), 1 survivors (1024K)
 Metaspace       used 26261K, committed 26816K, reserved 1114112K
  class space    used 3318K, committed 3584K, reserved 1048576K
}
Event: 6.850 GC heap after
{Heap after GC invocations=7 (full 0):
 garbage-first heap   total reserved 1015808K, committed 40960K, used 13677K [0x00000000c2000000, 0x0000000100000000)
  region size 1024K, 3 young (3072K), 3 survivors (3072K)
 Metaspace       used 26261K, committed 26816K, reserved 1114112K
  class space    used 3318K, committed 3584K, reserved 1048576K
}
Event: 7.623 GC heap before
{Heap before GC invocations=7 (full 0):
 garbage-first heap   total reserved 1015808K, committed 40960K, used 32109K [0x00000000c2000000, 0x0000000100000000)
  region size 1024K, 22 young (22528K), 3 survivors (3072K)
 Metaspace       used 29814K, committed 30400K, reserved 1114112K
  class space    used 3816K, committed 4096K, reserved 1048576K
}
Event: 7.630 GC heap after
{Heap after GC invocations=8 (full 0):
 garbage-first heap   total reserved 1015808K, committed 40960K, used 15566K [0x00000000c2000000, 0x0000000100000000)
  region size 1024K, 3 young (3072K), 3 survivors (3072K)
 Metaspace       used 29814K, committed 30400K, reserved 1114112K
  class space    used 3816K, committed 4096K, reserved 1048576K
}

Dll operation events (14 events):
Event: 0.024 Loaded shared library C:\Users\Ravindu Haputhanthri\.jdks\openjdk-22.0.2\bin\java.dll
Event: 0.066 Loaded shared library C:\Users\Ravindu Haputhanthri\.jdks\openjdk-22.0.2\bin\jsvml.dll
Event: 0.207 Loaded shared library C:\Users\Ravindu Haputhanthri\.jdks\openjdk-22.0.2\bin\zip.dll
Event: 0.214 Loaded shared library C:\Users\Ravindu Haputhanthri\.jdks\openjdk-22.0.2\bin\instrument.dll
Event: 0.226 Loaded shared library C:\Users\Ravindu Haputhanthri\.jdks\openjdk-22.0.2\bin\net.dll
Event: 0.229 Loaded shared library C:\Users\Ravindu Haputhanthri\.jdks\openjdk-22.0.2\bin\nio.dll
Event: 0.237 Loaded shared library C:\Users\Ravindu Haputhanthri\.jdks\openjdk-22.0.2\bin\zip.dll
Event: 0.351 Loaded shared library C:\Program Files\JetBrains\IntelliJ IDEA Community Edition 2024.1\bin\breakgen64.dll
Event: 0.366 Loaded shared library C:\Users\Ravindu Haputhanthri\.jdks\openjdk-22.0.2\bin\extnet.dll
Event: 0.471 Loaded shared library C:\Users\Ravindu Haputhanthri\.jdks\openjdk-22.0.2\bin\jimage.dll
Event: 1.310 Loaded shared library C:\Users\Ravindu Haputhanthri\.jdks\openjdk-22.0.2\bin\management.dll
Event: 1.323 Loaded shared library C:\Users\Ravindu Haputhanthri\.jdks\openjdk-22.0.2\bin\management_ext.dll
Event: 2.835 Loaded shared library C:\Users\Ravindu Haputhanthri\.jdks\openjdk-22.0.2\bin\le.dll
Event: 3.838 Loaded shared library C:\Users\Ravindu Haputhanthri\.jdks\openjdk-22.0.2\bin\sunmscapi.dll

Deoptimization events (20 events):
Event: 7.854 Thread 0x00000220b677cad0 DEOPT PACKING pc=0x00000220ab30afcc sp=0x00000066198fd050
Event: 7.854 Thread 0x00000220b677cad0 DEOPT UNPACKING pc=0x00000220aadb46a2 sp=0x00000066198fcf80 mode 2
Event: 22.437 Thread 0x00000220fc9a1330 Uncommon trap: trap_request=0xffffff45 fr.pc=0x00000220ab4d1438 relative=0x0000000000000218
Event: 22.437 Thread 0x00000220fc9a1330 Uncommon trap: reason=unstable_if action=reinterpret pc=0x00000220ab4d1438 method=java.lang.String.indexOf(Ljava/lang/String;)I @ 10 c2
Event: 22.437 Thread 0x00000220fc9a1330 DEOPT PACKING pc=0x00000220ab4d1438 sp=0x0000006619dfd7d0
Event: 22.437 Thread 0x00000220fc9a1330 DEOPT UNPACKING pc=0x00000220aadb46a2 sp=0x0000006619dfd708 mode 2
Event: 22.437 Thread 0x00000220fc9a1330 Uncommon trap: trap_request=0xffffff45 fr.pc=0x00000220ab416b80 relative=0x00000000000001e0
Event: 22.437 Thread 0x00000220fc9a1330 Uncommon trap: reason=unstable_if action=reinterpret pc=0x00000220ab416b80 method=java.lang.String.indexOf(Ljava/lang/String;)I @ 10 c2
Event: 22.437 Thread 0x00000220fc9a1330 DEOPT PACKING pc=0x00000220ab416b80 sp=0x0000006619dfd770
Event: 22.437 Thread 0x00000220fc9a1330 DEOPT UNPACKING pc=0x00000220aadb46a2 sp=0x0000006619dfd710 mode 2
Event: 25.627 Thread 0x00000220fc9a4120 Uncommon trap: trap_request=0xffffffde fr.pc=0x00000220ab403e1c relative=0x0000000000000f7c
Event: 25.627 Thread 0x00000220fc9a4120 Uncommon trap: reason=class_check action=maybe_recompile pc=0x00000220ab403e1c method=java.util.concurrent.ConcurrentHashMap.putVal(Ljava/lang/Object;Ljava/lang/Object;Z)Ljava/lang/Object; @ 242 c2
Event: 25.627 Thread 0x00000220fc9a4120 DEOPT PACKING pc=0x00000220ab403e1c sp=0x000000661a3fe390
Event: 25.627 Thread 0x00000220fc9a4120 DEOPT UNPACKING pc=0x00000220aadb46a2 sp=0x000000661a3fe300 mode 2
Event: 25.627 Thread 0x00000220fc9a4120 Uncommon trap: trap_request=0xffffff54 fr.pc=0x00000220ab492120 relative=0x00000000000061e0
Event: 25.627 Thread 0x00000220fc9a4120 Uncommon trap: reason=speculate_null_assert action=make_not_entrant pc=0x00000220ab492120 method=jdk.internal.util.ReferencedKeyMap.internKey(Ljdk/internal/util/ReferencedKeyMap;Ljava/lang/Object;)Ljava/lang/Object; @ 28 c2
Event: 25.627 Thread 0x00000220fc9a4120 DEOPT PACKING pc=0x00000220ab492120 sp=0x000000661a3fe440
Event: 25.627 Thread 0x00000220fc9a4120 DEOPT UNPACKING pc=0x00000220aadb46a2 sp=0x000000661a3fe118 mode 2
Event: 76.017 Thread 0x00000220fc9a2050 DEOPT PACKING pc=0x00000220a3f2feb2 sp=0x0000006619cfec50
Event: 76.028 Thread 0x00000220fc9a2050 DEOPT UNPACKING pc=0x00000220aadb4e42 sp=0x0000006619cfe118 mode 0

Classes loaded (20 events):
Event: 22.271 Loading class java/nio/channels/spi/AbstractSelectionKey done
Event: 22.271 Loading class sun/nio/ch/SelectionKeyImpl done
Event: 22.271 Loading class java/lang/invoke/ConstantBootstraps
Event: 22.272 Loading class java/lang/invoke/ConstantBootstraps done
Event: 22.350 Loading class sun/nio/cs/ThreadLocalCoders
Event: 22.350 Loading class sun/nio/cs/ThreadLocalCoders done
Event: 22.350 Loading class sun/nio/cs/ThreadLocalCoders$1
Event: 22.351 Loading class sun/nio/cs/ThreadLocalCoders$Cache
Event: 22.351 Loading class sun/nio/cs/ThreadLocalCoders$Cache done
Event: 22.351 Loading class sun/nio/cs/ThreadLocalCoders$1 done
Event: 22.351 Loading class sun/nio/cs/ThreadLocalCoders$2
Event: 22.351 Loading class sun/nio/cs/ThreadLocalCoders$2 done
Event: 22.479 Loading class java/util/ArrayList$SubList$2
Event: 22.480 Loading class java/util/ArrayList$SubList$2 done
Event: 107.161 Loading class jdk/internal/misc/Signal$1
Event: 107.222 Loading class jdk/internal/misc/Signal$1 done
Event: 107.366 Loading class java/util/WeakHashMap$KeyIterator
Event: 107.409 Loading class java/util/WeakHashMap$HashIterator
Event: 107.441 Loading class java/util/WeakHashMap$HashIterator done
Event: 107.441 Loading class java/util/WeakHashMap$KeyIterator done

Classes unloaded (0 events):
No events

Classes redefined (0 events):
No events

Internal exceptions (20 events):
Event: 6.491 Thread 0x00000220b677cad0 Exception <a 'java/lang/NoSuchMethodError'{0x00000000c39c71d0}: 'java.lang.Object java.lang.invoke.DirectMethodHandle$Holder.invokeStaticInit(java.lang.Object, java.lang.Object, int, int, int, int)'> (0x00000000c39c71d0) 
thrown [s\open\src\hotspot\share\interpreter\linkResolver.cpp, line 774]
Event: 6.675 Thread 0x00000220b677cad0 Exception <a 'java/lang/NoSuchMethodError'{0x00000000c34f2950}: 'int java.lang.invoke.DirectMethodHandle$Holder.invokeVirtual(java.lang.Object, java.lang.Object, java.lang.Object, java.lang.Object)'> (0x00000000c34f2950) 
thrown [s\open\src\hotspot\share\interpreter\linkResolver.cpp, line 774]
Event: 6.675 Thread 0x00000220b677cad0 Exception <a 'java/lang/NoSuchMethodError'{0x00000000c34f6210}: 'int java.lang.invoke.DelegatingMethodHandle$Holder.reinvoke_L(java.lang.Object, java.lang.Object, java.lang.Object, java.lang.Object)'> (0x00000000c34f6210) 
thrown [s\open\src\hotspot\share\interpreter\linkResolver.cpp, line 774]
Event: 6.762 Thread 0x00000220b677cad0 Exception <a 'java/io/FileNotFoundException'{0x00000000c3100cd0}> (0x00000000c3100cd0) 
thrown [s\open\src\hotspot\share\prims\jni.cpp, line 520]
Event: 6.791 Thread 0x00000220b677cad0 Exception <a 'java/lang/NoSuchMethodError'{0x00000000c31cd270}: 'int java.lang.invoke.DirectMethodHandle$Holder.invokeInterface(java.lang.Object, java.lang.Object, java.lang.Object, java.lang.Object)'> (0x00000000c31cd270) 
thrown [s\open\src\hotspot\share\interpreter\linkResolver.cpp, line 774]
Event: 6.877 Thread 0x00000220b677cad0 Exception <a 'java/lang/NoSuchMethodError'{0x00000000c5cab9c0}: 'long java.lang.invoke.DirectMethodHandle$Holder.invokeVirtual(java.lang.Object, java.lang.Object)'> (0x00000000c5cab9c0) 
thrown [s\open\src\hotspot\share\interpreter\linkResolver.cpp, line 774]
Event: 6.919 Thread 0x00000220b677cad0 Exception <a 'java/lang/NoSuchMethodError'{0x00000000c5ce7178}: 'long java.lang.invoke.Invokers$Holder.invokeExact_MT(java.lang.Object, java.lang.Object)'> (0x00000000c5ce7178) 
thrown [s\open\src\hotspot\share\interpreter\linkResolver.cpp, line 774]
Event: 6.935 Thread 0x00000220b677cad0 Exception <a 'java/lang/NoSuchMethodError'{0x00000000c46358f8}: static Lorg/springframework/security/web/csrf/DefaultCsrfToken;.<clinit>()V> (0x00000000c46358f8) 
thrown [s\open\src\hotspot\share\prims\jni.cpp, line 1111]
Event: 6.986 Thread 0x00000220b677cad0 Exception <a 'java/lang/NoSuchMethodError'{0x00000000c453d990}: 'void java.lang.invoke.Invokers$Holder.invokeExact_MT(java.lang.Object, java.lang.Object, java.lang.Object, java.lang.Object)'> (0x00000000c453d990) 
thrown [s\open\src\hotspot\share\interpreter\linkResolver.cpp, line 774]
Event: 7.081 Thread 0x00000220b677cad0 Exception <a 'java/lang/NoSuchMethodError'{0x00000000c439ebc8}: 'java.lang.Object java.lang.invoke.DirectMethodHandle$Holder.newInvokeSpecial(java.lang.Object, java.lang.Object, java.lang.Object, java.lang.Object, java.lang.Object, java.lang.Object)'> (0x00000000c439ebc8) 
thrown [s\open\src\hotspot\share\interpreter\linkResolver.cpp, line 774]
Event: 7.093 Thread 0x00000220b677cad0 Exception <a 'java/lang/NoSuchMethodError'{0x00000000c42558d8}: 'java.lang.Object java.lang.invoke.DirectMethodHandle$Holder.newInvokeSpecial(java.lang.Object, java.lang.Object, java.lang.Object, java.lang.Object, java.lang.Object, java.lang.Object, java.lang.Object, java.lang.Object)'> (0x00000000c42558d8) 
thrown [s\open\src\hotspot\share\interpreter\linkResolver.cpp, line 774]
Event: 7.328 Thread 0x00000220b677cad0 Exception <a 'java/lang/IncompatibleClassChangeError'{0x00000000c3b410a0}: Found class java.lang.Object, but interface was expected> (0x00000000c3b410a0) 
thrown [s\open\src\hotspot\share\interpreter\linkResolver.cpp, line 841]
Event: 7.375 Thread 0x00000220b677cad0 Exception <a 'java/lang/NoSuchMethodError'{0x00000000c3a70e68}: 'void java.lang.invoke.DirectMethodHandle$Holder.invokeVirtual(java.lang.Object, java.lang.Object, long)'> (0x00000000c3a70e68) 
thrown [s\open\src\hotspot\share\interpreter\linkResolver.cpp, line 774]
Event: 7.473 Thread 0x00000220b677cad0 Exception <a 'java/lang/NoSuchMethodError'{0x00000000c3730fc8}: 'int java.lang.invoke.DirectMethodHandle$Holder.invokeStaticInit(java.lang.Object, java.lang.Object, java.lang.Object, java.lang.Object)'> (0x00000000c3730fc8) 
thrown [s\open\src\hotspot\share\interpreter\linkResolver.cpp, line 774]
Event: 7.479 Thread 0x00000220b677cad0 Implicit null exception at 0x00000220ab462f43 to 0x00000220ab463574
Event: 7.586 Thread 0x00000220b677cad0 Exception <a 'sun/nio/fs/WindowsException'{0x00000000c35888e0}> (0x00000000c35888e0) 
thrown [s\open\src\hotspot\share\prims\jni.cpp, line 520]
Event: 7.938 Thread 0x00000220b677cad0 Exception <a 'java/lang/NoSuchMethodError'{0x00000000c4023638}: 'java.lang.Object java.lang.invoke.DirectMethodHandle$Holder.newInvokeSpecial(java.lang.Object, java.lang.Object, int, java.lang.Object, java.lang.Object)'> (0x00000000c4023638) 
thrown [s\open\src\hotspot\share\interpreter\linkResolver.cpp, line 774]
Event: 22.344 Thread 0x00000220fc9a1330 Exception <a 'java/lang/NoSuchMethodError'{0x00000000c3dd1b98}: 'java.lang.Object java.lang.invoke.DirectMethodHandle$Holder.invokeSpecial(java.lang.Object, java.lang.Object, java.lang.Object, java.lang.Object, java.lang.Object, long)'> (0x00000000c3dd1b98) 
thrown [s\open\src\hotspot\share\interpreter\linkResolver.cpp, line 774]
Event: 22.344 Thread 0x00000220fc9a1330 Exception <a 'java/lang/NoSuchMethodError'{0x00000000c3dd5358}: 'java.lang.Object java.lang.invoke.Invokers$Holder.linkToTargetMethod(java.lang.Object, java.lang.Object, java.lang.Object, long, java.lang.Object)'> (0x00000000c3dd5358) 
thrown [s\open\src\hotspot\share\interpreter\linkResolver.cpp, line 774]
Event: 22.479 Thread 0x00000220fc9a19c0 Exception <a 'java/lang/NoSuchMethodError'{0x00000000c40c6790}: 'java.lang.Object java.lang.invoke.DirectMethodHandle$Holder.invokeStatic(java.lang.Object, int, int)'> (0x00000000c40c6790) 
thrown [s\open\src\hotspot\share\interpreter\linkResolver.cpp, line 774]

ZGC Phase Switch (0 events):
No events

VM Operations (20 events):
Event: 60.190 Executing VM operation: RendezvousGCThreads
Event: 60.190 Executing VM operation: RendezvousGCThreads done
Event: 62.200 Executing VM operation: Cleanup
Event: 62.200 Executing VM operation: Cleanup done
Event: 67.265 Executing VM operation: Cleanup
Event: 67.347 Executing VM operation: Cleanup done
Event: 68.358 Executing VM operation: Cleanup
Event: 68.358 Executing VM operation: Cleanup done
Event: 73.411 Executing VM operation: Cleanup
Event: 73.411 Executing VM operation: Cleanup done
Event: 79.477 Executing VM operation: Cleanup
Event: 79.478 Executing VM operation: Cleanup done
Event: 80.487 Executing VM operation: Cleanup
Event: 80.488 Executing VM operation: Cleanup done
Event: 81.495 Executing VM operation: Cleanup
Event: 81.495 Executing VM operation: Cleanup done
Event: 107.758 Executing VM operation: Cleanup
Event: 107.789 Executing VM operation: Cleanup done
Event: 108.804 Executing VM operation: Cleanup
Event: 108.819 Executing VM operation: Cleanup done

Memory protections (0 events):
No events

Nmethod flushes (0 events):
No events

Events (20 events):
Event: 7.951 Thread 0x00000220b677cad0 Thread added: 0x00000220fc9a1330
Event: 7.951 Thread 0x00000220b677cad0 Thread added: 0x00000220fc9a19c0
Event: 7.951 Thread 0x00000220b677cad0 Thread added: 0x00000220fc9a2d70
Event: 7.951 Thread 0x00000220b677cad0 Thread added: 0x00000220fc9a3400
Event: 7.951 Thread 0x00000220b677cad0 Thread added: 0x00000220fc9a3a90
Event: 7.952 Thread 0x00000220b677cad0 Thread added: 0x00000220fc9a4120
Event: 7.952 Thread 0x00000220b677cad0 Thread added: 0x00000220fc9a4e40
Event: 7.952 Thread 0x00000220b677cad0 Thread added: 0x00000220fc9a54d0
Event: 7.952 Thread 0x00000220b677cad0 Thread added: 0x00000220fc99e540
Event: 7.952 Thread 0x00000220b677cad0 Thread added: 0x00000220fc99f8f0
Event: 7.969 Thread 0x00000220b677cad0 Thread added: 0x00000220fc99ebd0
Event: 7.971 Thread 0x00000220b677cad0 Thread added: 0x00000220fc99ff80
Event: 8.005 Thread 0x00000220b677cad0 Thread exited: 0x00000220b677cad0
Event: 8.012 Thread 0x00000220b677d7f0 Thread exited: 0x00000220b677d7f0
Event: 8.012 Thread 0x0000022099d1a180 Thread exited: 0x0000022099d1a180
Event: 8.012 Thread 0x00000220b677d7f0 Thread added: 0x00000220b677d7f0
Event: 107.261 Thread 0x00000220b67793a0 Thread added: 0x00000220b677cad0
Event: 107.342 Thread 0x00000220b677cad0 Thread added: 0x00000220fd15d180
Event: 107.342 Thread 0x00000220b677cad0 Thread added: 0x00000220fd15bdd0
Event: 107.399 Thread 0x00000220fd15d180 Thread exited: 0x00000220fd15d180


Dynamic libraries:
0x00007ff6f1570000 - 0x00007ff6f157e000 	C:\Users\Ravindu Haputhanthri\.jdks\openjdk-22.0.2\bin\java.exe
0x00007ffa8c790000 - 0x00007ffa8c988000 	C:\Windows\SYSTEM32\ntdll.dll
0x00007ffa8c5c0000 - 0x00007ffa8c681000 	C:\Windows\System32\KERNEL32.DLL
0x00007ffa89ed0000 - 0x00007ffa8a1c6000 	C:\Windows\System32\KERNELBASE.dll
0x00007ffa8a250000 - 0x00007ffa8a350000 	C:\Windows\System32\ucrtbase.dll
0x00007ffa7e730000 - 0x00007ffa7e74b000 	C:\Users\Ravindu Haputhanthri\.jdks\openjdk-22.0.2\bin\VCRUNTIME140.dll
0x00007ffa7fab0000 - 0x00007ffa7fac7000 	C:\Users\Ravindu Haputhanthri\.jdks\openjdk-22.0.2\bin\jli.dll
0x00007ffa8bcd0000 - 0x00007ffa8be6f000 	C:\Windows\System32\USER32.dll
0x00007ffa8a1d0000 - 0x00007ffa8a1f2000 	C:\Windows\System32\win32u.dll
0x00007ffa76de0000 - 0x00007ffa7707a000 	C:\Windows\WinSxS\amd64_microsoft.windows.common-controls_6595b64144ccf1df_6.0.19041.4355_none_60b8b9eb71f62e16\COMCTL32.dll
0x00007ffa8c3a0000 - 0x00007ffa8c3cb000 	C:\Windows\System32\GDI32.dll
0x00007ffa8c300000 - 0x00007ffa8c39e000 	C:\Windows\System32\msvcrt.dll
0x00007ffa8a630000 - 0x00007ffa8a747000 	C:\Windows\System32\gdi32full.dll
0x00007ffa8a4e0000 - 0x00007ffa8a57d000 	C:\Windows\System32\msvcp_win.dll
0x00007ffa8bc90000 - 0x00007ffa8bcbf000 	C:\Windows\System32\IMM32.DLL
0x00007ffa7f360000 - 0x00007ffa7f36c000 	C:\Users\Ravindu Haputhanthri\.jdks\openjdk-22.0.2\bin\vcruntime140_1.dll
0x00007ffa39de0000 - 0x00007ffa39e6e000 	C:\Users\Ravindu Haputhanthri\.jdks\openjdk-22.0.2\bin\msvcp140.dll
0x00007ffa0bbc0000 - 0x00007ffa0c909000 	C:\Users\Ravindu Haputhanthri\.jdks\openjdk-22.0.2\bin\server\jvm.dll
0x00007ffa8c510000 - 0x00007ffa8c5c0000 	C:\Windows\System32\ADVAPI32.dll
0x00007ffa8bbf0000 - 0x00007ffa8bc90000 	C:\Windows\System32\sechost.dll
0x00007ffa8bac0000 - 0x00007ffa8bbe3000 	C:\Windows\System32\RPCRT4.dll
0x00007ffa8a350000 - 0x00007ffa8a377000 	C:\Windows\System32\bcrypt.dll
0x00007ffa8c3d0000 - 0x00007ffa8c43b000 	C:\Windows\System32\WS2_32.dll
0x00007ffa76b90000 - 0x00007ffa76bb7000 	C:\Windows\SYSTEM32\WINMM.dll
0x00007ffa89be0000 - 0x00007ffa89c2b000 	C:\Windows\SYSTEM32\POWRPROF.dll
0x00007ffa83360000 - 0x00007ffa8336a000 	C:\Windows\SYSTEM32\VERSION.dll
0x00007ffa89bc0000 - 0x00007ffa89bd2000 	C:\Windows\SYSTEM32\UMPDC.dll
0x00007ffa87ea0000 - 0x00007ffa87eb2000 	C:\Windows\SYSTEM32\kernel.appcore.dll
0x00007ffa7e720000 - 0x00007ffa7e72a000 	C:\Users\Ravindu Haputhanthri\.jdks\openjdk-22.0.2\bin\jimage.dll
0x00007ffa87a50000 - 0x00007ffa87c34000 	C:\Windows\SYSTEM32\DBGHELP.DLL
0x00007ffa72110000 - 0x00007ffa72144000 	C:\Windows\SYSTEM32\dbgcore.DLL
0x00007ffa89e40000 - 0x00007ffa89ec2000 	C:\Windows\System32\bcryptPrimitives.dll
0x00007ffa7f840000 - 0x00007ffa7f84f000 	C:\Users\Ravindu Haputhanthri\.jdks\openjdk-22.0.2\bin\instrument.dll
0x00007ffa75e20000 - 0x00007ffa75e3e000 	C:\Users\Ravindu Haputhanthri\.jdks\openjdk-22.0.2\bin\java.dll
0x00007ffa8a7c0000 - 0x00007ffa8af2c000 	C:\Windows\System32\SHELL32.dll
0x00007ffa8be70000 - 0x00007ffa8bf9b000 	C:\Windows\System32\ole32.dll
0x00007ffa8bfa0000 - 0x00007ffa8c2f3000 	C:\Windows\System32\combase.dll
0x00007ffa87ec0000 - 0x00007ffa8865e000 	C:\Windows\SYSTEM32\windows.storage.dll
0x00007ffa897f0000 - 0x00007ffa8981e000 	C:\Windows\SYSTEM32\Wldp.dll
0x00007ffa8c440000 - 0x00007ffa8c50d000 	C:\Windows\System32\OLEAUT32.dll
0x00007ffa8b630000 - 0x00007ffa8b6dd000 	C:\Windows\System32\SHCORE.dll
0x00007ffa8c690000 - 0x00007ffa8c6e5000 	C:\Windows\System32\shlwapi.dll
0x00007ffa89d70000 - 0x00007ffa89d94000 	C:\Windows\SYSTEM32\profapi.dll
0x00007ffa4c730000 - 0x00007ffa4c807000 	C:\Users\Ravindu Haputhanthri\.jdks\openjdk-22.0.2\bin\jsvml.dll
0x00007ffa751a0000 - 0x00007ffa751b7000 	C:\Users\Ravindu Haputhanthri\.jdks\openjdk-22.0.2\bin\zip.dll
0x00007ffa7e520000 - 0x00007ffa7e530000 	C:\Users\Ravindu Haputhanthri\.jdks\openjdk-22.0.2\bin\net.dll
0x00007ffa894f0000 - 0x00007ffa8955a000 	C:\Windows\system32\mswsock.dll
0x00007ffa75a10000 - 0x00007ffa75a26000 	C:\Users\Ravindu Haputhanthri\.jdks\openjdk-22.0.2\bin\nio.dll
0x00007ffa7f3d0000 - 0x00007ffa7f3ea000 	C:\Program Files\JetBrains\IntelliJ IDEA Community Edition 2024.1\bin\breakgen64.dll
0x00007ffa7e660000 - 0x00007ffa7e669000 	C:\Users\Ravindu Haputhanthri\.jdks\openjdk-22.0.2\bin\extnet.dll
0x00007ffa77fa0000 - 0x00007ffa77faa000 	C:\Users\Ravindu Haputhanthri\.jdks\openjdk-22.0.2\bin\management.dll
0x00007ffa77f90000 - 0x00007ffa77f9b000 	C:\Users\Ravindu Haputhanthri\.jdks\openjdk-22.0.2\bin\management_ext.dll
0x00007ffa8bcc0000 - 0x00007ffa8bcc8000 	C:\Windows\System32\PSAPI.DLL
0x00007ffa76120000 - 0x00007ffa7612b000 	C:\Users\Ravindu Haputhanthri\.jdks\openjdk-22.0.2\bin\le.dll
0x00007ffa75cb0000 - 0x00007ffa75cbe000 	C:\Users\Ravindu Haputhanthri\.jdks\openjdk-22.0.2\bin\sunmscapi.dll
0x00007ffa8a380000 - 0x00007ffa8a4de000 	C:\Windows\System32\CRYPT32.dll
0x00007ffa89860000 - 0x00007ffa89889000 	C:\Windows\SYSTEM32\ncrypt.dll
0x00007ffa89820000 - 0x00007ffa8985b000 	C:\Windows\SYSTEM32\NTASN1.dll
0x00007ffa896f0000 - 0x00007ffa89708000 	C:\Windows\SYSTEM32\CRYPTSP.dll
0x00007ffa88e10000 - 0x00007ffa88e44000 	C:\Windows\system32\rsaenh.dll
0x00007ffa89ce0000 - 0x00007ffa89d0e000 	C:\Windows\SYSTEM32\USERENV.dll
0x00007ffa896e0000 - 0x00007ffa896ec000 	C:\Windows\SYSTEM32\CRYPTBASE.dll
0x00007ffa891d0000 - 0x00007ffa8920b000 	C:\Windows\SYSTEM32\IPHLPAPI.DLL
0x00007ffa8af30000 - 0x00007ffa8af38000 	C:\Windows\System32\NSI.dll
0x00007ffa83090000 - 0x00007ffa83097000 	C:\Windows\system32\wshunix.dll

dbghelp: loaded successfully - version: 4.0.5 - missing functions: none
symbol engine: initialized successfully - sym options: 0x614 - pdb path: .;C:\Users\Ravindu Haputhanthri\.jdks\openjdk-22.0.2\bin;C:\Windows\SYSTEM32;C:\Windows\WinSxS\amd64_microsoft.windows.common-controls_6595b64144ccf1df_6.0.19041.4355_none_60b8b9eb71f62e16;C:\Users\Ravindu Haputhanthri\.jdks\openjdk-22.0.2\bin\server;C:\Program Files\JetBrains\IntelliJ IDEA Community Edition 2024.1\bin

VM Arguments:
jvm_args: -javaagent:C:\Program Files\JetBrains\IntelliJ IDEA Community Edition 2024.1\lib\idea_rt.jar=4310:C:\Program Files\JetBrains\IntelliJ IDEA Community Edition 2024.1\bin -Dfile.encoding=UTF-8 -Dsun.stdout.encoding=UTF-8 -Dsun.stderr.encoding=UTF-8 
java_command: com.example.demo.DemoApplication
java_class_path (initial): C:\Users\Ravindu Haputhanthri\Downloads\demo\target\classes;C:\Users\Ravindu Haputhanthri\.m2\repository\org\springframework\boot\spring-boot-starter-security\3.3.2\spring-boot-starter-security-3.3.2.jar;C:\Users\Ravindu Haputhanthri\.m2\repository\org\springframework\boot\spring-boot-starter\3.3.2\spring-boot-starter-3.3.2.jar;C:\Users\Ravindu Haputhanthri\.m2\repository\org\springframework\boot\spring-boot-starter-logging\3.3.2\spring-boot-starter-logging-3.3.2.jar;C:\Users\Ravindu Haputhanthri\.m2\repository\ch\qos\logback\logback-classic\1.5.6\logback-classic-1.5.6.jar;C:\Users\Ravindu Haputhanthri\.m2\repository\ch\qos\logback\logback-core\1.5.6\logback-core-1.5.6.jar;C:\Users\Ravindu Haputhanthri\.m2\repository\org\apache\logging\log4j\log4j-to-slf4j\2.23.1\log4j-to-slf4j-2.23.1.jar;C:\Users\Ravindu Haputhanthri\.m2\repository\org\apache\logging\log4j\log4j-api\2.23.1\log4j-api-2.23.1.jar;C:\Users\Ravindu Haputhanthri\.m2\repository\org\slf4j\jul-to-slf4j\2.0.13\jul-to-slf4j-2.0.13.jar;C:\Users\Ravindu Haputhanthri\.m2\repository\jakarta\annotation\jakarta.annotation-api\2.1.1\jakarta.annotation-api-2.1.1.jar;C:\Users\Ravindu Haputhanthri\.m2\repository\org\yaml\snakeyaml\2.2\snakeyaml-2.2.jar;C:\Users\Ravindu Haputhanthri\.m2\repository\org\springframework\spring-aop\6.1.11\spring-aop-6.1.11.jar;C:\Users\Ravindu Haputhanthri\.m2\repository\org\springframework\spring-beans\6.1.11\spring-beans-6.1.11.jar;C:\Users\Ravindu Haputhanthri\.m2\repository\org\springframework\security\spring-security-config\6.3.1\spring-security-config-6.3.1.jar;C:\Users\Ravindu Haputhanthri\.m2\repository\org\springframework\spring-context\6.1.11\spring-context-6.1.11.jar;C:\Users\Ravindu Haputhanthri\.m2\repository\org\springframework\security\spring-security-web\6.3.1\spring-security-web-6.3.1.jar;C:\Users\Ravindu Haputhanthri\.m2\repository\org\springframework\spring-expression\6.1.11\spring-expression-6.1.11.jar;C:\Users\Ravindu Haputhanthri\.m2\repository\org\springframework\boot\spring-boot-starter-web\3.3.2\spring-boot-starter-web-3.3.2.jar;C:\Users\Ravindu Haputhanthri\.m2\repository\org\springframework\boot\spring-boot-starter-json\3.3.2\spring-boot-starter-json-3.3.2.jar;C:\Users\Ravindu Haputhanthri\.m2\repository\com\fasterxml\jackson\core\jackson-databind\2.17.2\jackson-databind-2.17.2.jar;C:\Users\Ravindu Haputhanthri\.m2\repository\com\fasterxml\jackson\core\jackson-annotations\2.17.2\jackson-annotations-2.17.2.jar;C:\Users\Ravindu Haputhanthri\.m2\repository\com\fasterxml\jackson\core\jackson-core\2.17.2\jackson-core-2.17.2.jar;C:\Users\Ravindu Haputhanthri\.m2\repository\com\fasterxml\jackson\datatype\jackson-datatype-jdk8\2.17.2\jackson-datatype-jdk8-2.17.2.jar;C:\Users\Ravindu Haputhanthri\.m2\repository\com\fasterxml\jackson\datatype\jackson-datatype-jsr310\2.17.2\jackson-datatype-jsr310-2.17.2.jar;C:\Users\Ravindu Haputhanthri\.m2\repository\com\fasterxml\jackson\module\jackson-module-parameter-names\2.17.2\jackson-module-parameter-names-2.17.2.jar;C:\Users\Ravindu Haputhanthri\.m2\repository\org\springframework\boot\spring-boot-starter-tomcat\3.3.2\spring-boot-starter-tomcat-3.3.2.jar;C:\Users\Ravindu Haputhanthri\.m2\repository\org\apache\tomcat\embed\tomcat-embed-core\10.1.26\tomcat-embed-core-10.1.26.jar;C:\Users\Ravindu Haputhanthri\.m2\repository\org\apache\tomcat\embed\tomcat-embed-el\10.1.26\tomcat-embed-el-10.1.26.jar;C:\Users\Ravindu Haputhanthri\.m2\repository\org\apache\tomcat\embed\tomcat-embed-websocket\10.1.26\tomcat-embed-websocket-10.1.26.jar;C:\Users\Ravindu Haputhanthri\.m2\repository\org\springframework\spring-web\6.1.11\spring-web-6.1.11.jar;C:\Users\Ravindu Haputhanthri\.m2\repository\io\micrometer\micrometer-observation\1.13.2\micrometer-observation-1.13.2.jar;C:\Users\Ravindu Haputhanthri\.m2\repository\io\micrometer\micrometer-commons\1.13.2\micrometer-commons-1.13.2.jar;C:\Users\Ravindu Haputhanthri\.m2\repository\org\springframework\spring-webmvc\6.1.11\spring-webmvc-6.1.11.jar;C:\Users\Ravindu Haputhanthri\.m2\repository\org\springframework\boot\spring-boot-devtools\3.3.2\spring-boot-devtools-3.3.2.jar;C:\Users\Ravindu Haputhanthri\.m2\repository\org\springframework\boot\spring-boot\3.3.2\spring-boot-3.3.2.jar;C:\Users\Ravindu Haputhanthri\.m2\repository\org\springframework\boot\spring-boot-autoconfigure\3.3.2\spring-boot-autoconfigure-3.3.2.jar;C:\Users\Ravindu Haputhanthri\.m2\repository\org\slf4j\slf4j-api\2.0.13\slf4j-api-2.0.13.jar;C:\Users\Ravindu Haputhanthri\.m2\repository\org\springframework\spring-core\6.1.11\spring-core-6.1.11.jar;C:\Users\Ravindu Haputhanthri\.m2\repository\org\springframework\spring-jcl\6.1.11\spring-jcl-6.1.11.jar;C:\Users\Ravindu Haputhanthri\.m2\repository\org\springframework\security\spring-security-core\6.3.1\spring-security-core-6.3.1.jar;C:\Users\Ravindu Haputhanthri\.m2\repository\org\springframework\security\spring-security-crypto\6.3.1\spring-security-crypto-6.3.1.jar
Launcher Type: SUN_STANDARD

[Global flags]
     intx CICompilerCount                          = 3                                         {product} {ergonomic}
     uint ConcGCThreads                            = 1                                         {product} {ergonomic}
     uint G1ConcRefinementThreads                  = 4                                         {product} {ergonomic}
   size_t G1HeapRegionSize                         = 1048576                                   {product} {ergonomic}
   size_t InitialHeapSize                          = 65011712                                  {product} {ergonomic}
   size_t MarkStackSize                            = 4194304                                   {product} {ergonomic}
   size_t MaxHeapSize                              = 1040187392                                {product} {ergonomic}
   size_t MaxNewSize                               = 623902720                                 {product} {ergonomic}
   size_t MinHeapDeltaBytes                        = 1048576                                   {product} {ergonomic}
   size_t MinHeapSize                              = 8388608                                   {product} {ergonomic}
    uintx NonNMethodCodeHeapSize                   = 5832780                                {pd product} {ergonomic}
    uintx NonProfiledCodeHeapSize                  = 122912730                              {pd product} {ergonomic}
    uintx ProfiledCodeHeapSize                     = 122912730                              {pd product} {ergonomic}
    uintx ReservedCodeCacheSize                    = 251658240                              {pd product} {ergonomic}
     bool SegmentedCodeCache                       = true                                      {product} {ergonomic}
   size_t SoftMaxHeapSize                          = 1040187392                             {manageable} {ergonomic}
     bool UseCompressedOops                        = true                           {product lp64_product} {ergonomic}
     bool UseG1GC                                  = true                                      {product} {ergonomic}
     bool UseLargePagesIndividualAllocation        = false                                  {pd product} {ergonomic}

Logging:
Log output configuration:
 #0: stdout all=warning uptime,level,tags foldmultilines=false
 #1: stderr all=off uptime,level,tags foldmultilines=false

Environment Variables:
PATH=C:\Program Files\Java\jdk-17\bin;C:\Program Files\Java\jdk-21\bin;C:\Program Files\Common Files\Oracle\Java\javapath;C:\Program Files\Java\jdk-11\bin;C:\Program Files (x86)\Common Files\Oracle\Java\java8path;C:\Program Files (x86)\Common Files\Oracle\Java\javapath;C:\Program Files\Java\jdk1.8.0_202\bin;D:\Softwares\Oracle\WINDOWS.X64_193000_db_home\bin;C:\Oracle\WINDOWS.X64_193000_db_home\bin;C:\Windows\system32;C:\Windows;C:\Windows\System32\Wbem;C:\Windows\System32\WindowsPowerShell\v1.0\;C:\Windows\System32\OpenSSH\;C:\ProgramData\chocolatey\bin;C:\Program Files\dotnet\;C:\Program Files (x86)\Microsoft SQL Server\160\DTS\Binn\;C:\Program Files\Azure Data Studio\bin;C:\Program Files (x86)\Microsoft SQL Server\160\Tools\Binn\;C:\Program Files\Microsoft SQL Server\160\Tools\Binn\;C:\Program Files\Microsoft SQL Server\Client SDK\ODBC\170\Tools\Binn\;C:\Program Files\Microsoft SQL Server\160\DTS\Binn\;C:\Program Files (x86)\Microsoft SQL Server\150\Tools\Binn\;C:\Program Files\Microsoft SQL Server\150\Tools\Binn\;C:\Program Files\Microsoft SQL Server\150\DTS\Binn\;C:\Program Files\MySQL\MySQL Server 8.0\bin;C:\Program Files\Git\cmd;C:\Program Files\nodejs\;C:\Users\Ravindu Haputhanthri\AppData\Local\Programs\Python\Python312\Scripts\;C:\Users\Ravindu Haputhanthri\AppData\Local\Programs\Python\Python312\;C:\Users\Ravindu Haputhanthri\AppData\Local\Programs\Python\Launcher\;C:\Users\Ravindu Haputhanthri\AppData\Local\Microsoft\WindowsApps;;C:\Program Files\JetBrains\IntelliJ IDEA Community Edition 2024.1\bin;;C:\Program Files\JetBrains\PyCharm Community Edition 2022.1\bin;;C:\Users\Ravindu Haputhanthri\AppData\Local\Programs\Microsoft VS Code\bin;C:\Users\Ravindu Haputhanthri\.dotnet\tools;C:\Program Files\Azure Data Studio\bin;C:\Program Files\JetBrains\IntelliJ IDEA 2023.3.2\bin;;C:\Users\Ravindu Haputhanthri\AppData\Roaming\npm
USERNAME=Ravindu Haputhanthri
OS=Windows_NT
PROCESSOR_IDENTIFIER=Intel64 Family 6 Model 142 Stepping 10, GenuineIntel
TMP=C:\Users\RAVIND~1\AppData\Local\Temp
TEMP=C:\Users\RAVIND~1\AppData\Local\Temp




Periodic native trim disabled

---------------  S Y S T E M  ---------------

OS:
 Windows 10 , 64 bit Build 19041 (10.0.19041.4597)
OS uptime: 26 days 5:13 hours

CPU: total 4 (initial active 4) (2 cores per cpu, 2 threads per core) family 6 model 142 stepping 10 microcode 0xec, cx8, cmov, fxsr, ht, mmx, 3dnowpref, sse, sse2, sse3, ssse3, sse4.1, sse4.2, popcnt, lzcnt, tsc, tscinvbit, avx, avx2, aes, erms, clmul, bmi1, bmi2, adx, fma, vzeroupper, clflush, clflushopt, rdtscp, f16c
Processor Information for all 4 processors :
  Max Mhz: 2208, Current Mhz: 2208, Mhz Limit: 2208

Memory: 4k page, system-wide physical 3960M (63M free)
TotalPageFile size 16248M (AvailPageFile size 2M)
current process WorkingSet (physical memory assigned to process): 56M, peak: 165M
current process commit charge ("private bytes"): 181M, peak: 197M

vm_info: OpenJDK 64-Bit Server VM (22.0.2+9-70) for windows-amd64 JRE (22.0.2+9-70), built on 2024-06-04T16:52:23Z by "mach5one" with MS VC++ 17.6 (VS2022)

END.
